Log file open, 08/07/19 11:26:27
LogWindows: Failed to load 'aqProf.dll' (GetLastError=126)
LogWindows: File 'aqProf.dll' does not exist
LogWindows: Failed to load 'VtuneApi.dll' (GetLastError=126)
LogWindows: File 'VtuneApi.dll' does not exist
LogWindows: Failed to load 'VtuneApi32e.dll' (GetLastError=126)
LogWindows: File 'VtuneApi32e.dll' does not exist
LogConsoleResponse: Display: Failed to find resolution value strings in scalability ini. Falling back to default.
LogInit: Display: Running engine for game: Prototype2
LogPakFile: Registered encryption key '00000000000000000000000000000000': 0 pak files mounted, 0 remain pending
LogPlatformFile: Not using cached read wrapper
LogTaskGraph: Started task graph with 5 named threads and 23 total threads with 3 sets of task threads.
LogStats: Stats thread started at 0.267800
LogD3D11RHI: Loaded GFSDK_Aftermath_Lib.x64.dll
LogICUInternationalization: ICU TimeZone Detection - Raw Offset: +12:00, Platform Override: ''
LogPluginManager: Mounting plugin Paper2D
LogPluginManager: Mounting plugin AISupport
LogPluginManager: Mounting plugin LightPropagationVolume
LogPluginManager: Mounting plugin ActorLayerUtilities
LogPluginManager: Mounting plugin AnimationSharing
LogPluginManager: Mounting plugin CLionSourceCodeAccess
LogPluginManager: Mounting plugin CodeLiteSourceCodeAccess
LogPluginManager: Mounting plugin GitSourceControl
LogPluginManager: Mounting plugin KDevelopSourceCodeAccess
LogPluginManager: Mounting plugin NullSourceCodeAccess
LogPluginManager: Mounting plugin PerforceSourceControl
LogPluginManager: Mounting plugin SubversionSourceControl
LogPluginManager: Mounting plugin UObjectPlugin
LogPluginManager: Mounting plugin VisualStudioCodeSourceCodeAccess
LogPluginManager: Mounting plugin VisualStudioSourceCodeAccess
LogPluginManager: Mounting plugin XCodeSourceCodeAccess
LogPluginManager: Mounting plugin AssetManagerEditor
LogPluginManager: Mounting plugin CryptoKeys
LogPluginManager: Mounting plugin DataValidation
LogPluginManager: Mounting plugin FacialAnimation
LogPluginManager: Mounting plugin GameplayTagsEditor
LogPluginManager: Mounting plugin MacGraphicsSwitching
LogPluginManager: Mounting plugin MaterialAnalyzer
LogPluginManager: Mounting plugin MobileLauncherProfileWizard
LogPluginManager: Mounting plugin PluginBrowser
LogPluginManager: Mounting plugin SpeedTreeImporter
LogPluginManager: Mounting plugin DatasmithContent
LogPluginManager: Mounting plugin VariantManagerContent
LogPluginManager: Mounting plugin AlembicImporter
LogPluginManager: Mounting plugin AppleImageUtils
LogPluginManager: Mounting plugin AppleVision
LogPluginManager: Mounting plugin BackChannel
LogPluginManager: Mounting plugin CharacterAI
LogPluginManager: Mounting plugin GeometryCache
LogPluginManager: Mounting plugin HTML5Networking
LogPluginManager: Mounting plugin ProxyLODPlugin
LogPluginManager: Mounting plugin SkeletalReduction
LogPluginManager: Mounting plugin MagicLeap
LogPluginManager: Mounting plugin MagicLeapMedia
LogPluginManager: Mounting plugin AndroidMedia
LogPluginManager: Mounting plugin AvfMedia
LogPluginManager: Mounting plugin ImgMedia
LogPluginManager: Mounting plugin LinearTimecode
LogPluginManager: Mounting plugin MediaCompositing
LogPluginManager: Mounting plugin MediaPlayerEditor
LogPluginManager: Mounting plugin WebMMedia
LogPluginManager: Mounting plugin WmfMedia
LogPluginManager: Mounting plugin TcpMessaging
LogPluginManager: Mounting plugin UdpMessaging
LogPluginManager: Mounting plugin ActorSequence
LogPluginManager: Mounting plugin LevelSequenceEditor
LogPluginManager: Mounting plugin MatineeToLevelSequence
LogPluginManager: Mounting plugin NetcodeUnitTest
LogPluginManager: Mounting plugin NUTUnrealEngine4
LogPluginManager: Mounting plugin OnlineSubsystemGooglePlay
LogPluginManager: Mounting plugin OnlineSubsystemIOS
LogPluginManager: Mounting plugin OnlineSubsystem
LogPluginManager: Mounting plugin OnlineSubsystemNull
LogPluginManager: Mounting plugin OnlineSubsystemUtils
LogPluginManager: Mounting plugin LauncherChunkInstaller
LogPluginManager: Mounting plugin AndroidDeviceProfileSelector
LogPluginManager: Mounting plugin AndroidMoviePlayer
LogPluginManager: Mounting plugin AndroidPermission
LogPluginManager: Mounting plugin AppleMoviePlayer
LogPluginManager: Mounting plugin ArchVisCharacter
LogPluginManager: Mounting plugin AudioCapture
LogPluginManager: Mounting plugin CableComponent
LogPluginManager: Mounting plugin CustomMeshComponent
LogPluginManager: Mounting plugin EditableMesh
LogPluginManager: Mounting plugin ExampleDeviceProfileSelector
LogPluginManager: Mounting plugin Firebase
LogPluginManager: Mounting plugin GoogleCloudMessaging
LogPluginManager: Mounting plugin IOSDeviceProfileSelector
LogPluginManager: Mounting plugin LinuxDeviceProfileSelector
LogPluginManager: Mounting plugin LocationServicesBPLibrary
LogPluginManager: Mounting plugin MobilePatchingUtils
LogPluginManager: Mounting plugin OculusVR
LogPluginManager: Mounting plugin PhysXVehicles
LogPluginManager: Mounting plugin ProceduralMeshComponent
LogPluginManager: Mounting plugin RuntimePhysXCooking
LogPluginManager: Mounting plugin SignificanceManager
LogPluginManager: Mounting plugin SteamVR
LogPluginManager: Mounting plugin WebMMoviePlayer
LogPluginManager: Mounting plugin WindowsMoviePlayer
LogInit: Using libcurl 7.55.1-DEV
LogInit:  - built for x86_64-pc-win32
LogInit:  - supports SSL with OpenSSL/1.1.1
LogInit:  - supports HTTP deflate (compression) using libz 1.2.8
LogInit:  - other features:
LogInit:      CURL_VERSION_SSL
LogInit:      CURL_VERSION_LIBZ
LogInit:      CURL_VERSION_IPV6
LogInit:      CURL_VERSION_ASYNCHDNS
LogInit:      CURL_VERSION_LARGEFILE
LogInit:      CURL_VERSION_IDN
LogInit:  CurlRequestOptions (configurable via config and command line):
LogInit:  - bVerifyPeer = true  - Libcurl will verify peer certificate
LogInit:  - bUseHttpProxy = false  - Libcurl will NOT use HTTP proxy
LogInit:  - bDontReuseConnections = false  - Libcurl will reuse connections
LogInit:  - MaxHostConnections = 16  - Libcurl will limit the number of connections to a host
LogInit:  - LocalHostAddr = Default
LogInit:  - BufferSize = 65536
LogInit: WinSock: version 1.1 (2.2), MaxSocks=32767, MaxUdp=65467
LogHMD: Failed initializing OVRPlugin 1.32.0
LogInit: Build: ++UE4+Release-4.22-CL-7053642
LogInit: Engine Version: 4.22.3-7053642+++UE4+Release-4.22
LogInit: Compatible Engine Version: 4.22.0-5660361+++UE4+Release-4.22
LogInit: Net CL: 5660361
LogInit: OS: Windows 10 (Release 1803) (), CPU: Intel(R) Core(TM) i7-7700 CPU @ 3.60GHz, GPU: NVIDIA GeForce GTX 1080
LogInit: Compiled (64-bit): Jun 18 2019 03:09:11
LogInit: Compiled with Visual C++: 19.16.27025.01
LogInit: Build Configuration: Development
LogInit: Branch Name: ++UE4+Release-4.22
LogInit: Command Line: 
LogInit: Base Directory: D:/UE_4.22/Engine/Binaries/Win64/
LogInit: Installed Engine Build: 1
LogDevObjectVersion: Number of dev versions registered: 23
LogDevObjectVersion:   Dev-Blueprints (B0D832E4-1F89-4F0D-ACCF-7EB736FD4AA2): 10
LogDevObjectVersion:   Dev-Build (E1C64328-A22C-4D53-A36C-8E866417BD8C): 0
LogDevObjectVersion:   Dev-Core (375EC13C-06E4-48FB-B500-84F0262A717E): 3
LogDevObjectVersion:   Dev-Editor (E4B068ED-F494-42E9-A231-DA0B2E46BB41): 30
LogDevObjectVersion:   Dev-Framework (CFFC743F-43B0-4480-9391-14DF171D2073): 35
LogDevObjectVersion:   Dev-Mobile (B02B49B5-BB20-44E9-A304-32B752E40360): 2
LogDevObjectVersion:   Dev-Networking (A4E4105C-59A1-49B5-A7C5-40C4547EDFEE): 0
LogDevObjectVersion:   Dev-Online (39C831C9-5AE6-47DC-9A44-9C173E1C8E7C): 0
LogDevObjectVersion:   Dev-Physics (78F01B33-EBEA-4F98-B9B4-84EACCB95AA2): 0
LogDevObjectVersion:   Dev-Platform (6631380F-2D4D-43E0-8009-CF276956A95A): 0
LogDevObjectVersion:   Dev-Rendering (12F88B9F-8875-4AFC-A67C-D90C383ABD29): 28
LogDevObjectVersion:   Dev-Sequencer (7B5AE74C-D270-4C10-A958-57980B212A5A): 11
LogDevObjectVersion:   Dev-VR (D7296918-1DD6-4BDD-9DE2-64A83CC13884): 2
LogDevObjectVersion:   Dev-LoadTimes (C2A15278-BFE7-4AFE-6C17-90FF531DF755): 1
LogDevObjectVersion:   Private-Geometry (6EACA3D4-40EC-4CC1-B786-8BED09428FC5): 3
LogDevObjectVersion:   Dev-AnimPhys (29E575DD-E0A3-4627-9D10-D276232CDCEA): 17
LogDevObjectVersion:   Dev-Anim (AF43A65D-7FD3-4947-9873-3E8ED9C1BB05): 2
LogDevObjectVersion:   Dev-ReflectionCapture (6B266CEC-1EC7-4B8F-A30B-E4D90942FC07): 1
LogDevObjectVersion:   Dev-Automation (0DF73D61-A23F-47EA-B727-89E90C41499A): 1
LogDevObjectVersion:   FortniteMain (601D1886-AC64-4F84-AA16-D3DE0DEAC7D6): 25
LogDevObjectVersion:   Dev-Enterprise (9DFFBCD6-494F-0158-E221-12823C92A888): 6
LogDevObjectVersion:   Dev-Niagara (F2AED0AC-9AFE-416F-8664-AA7FFA26D6FC): 1
LogDevObjectVersion:   Dev-Destruction (174F1F0B-B4C6-45A5-B13F-2EE8D0FB917D): 2
LogInit: Presizing for max 16777216 objects, including 0 objects not considered by GC, pre-allocating 0 bytes for permanent pool.
LogInit: Object subsystem initialized
LogConfig: Setting CVar [[con.DebugEarlyDefault:1]]
LogConfig: Setting CVar [[r.setres:1280x720]]
[2019.08.06-23.26.28:225][  0]LogConfig: Setting CVar [[r.VSync:0]]
[2019.08.06-23.26.28:225][  0]LogConfig: Setting CVar [[r.RHICmdBypass:0]]
[2019.08.06-23.26.28:225][  0]LogConfig: Applying CVar settings from Section [/Script/Engine.RendererSettings] File [D:/Users/daniel.joo8189/Documents/GitHub/Prototype2/Saved/Config/Windows/Engine.ini]
[2019.08.06-23.26.28:225][  0]LogConfig: Setting CVar [[r.GPUCrashDebugging:0]]
[2019.08.06-23.26.28:225][  0]LogConfig: Applying CVar settings from Section [/Script/Engine.RendererOverrideSettings] File [D:/Users/daniel.joo8189/Documents/GitHub/Prototype2/Saved/Config/Windows/Engine.ini]
[2019.08.06-23.26.28:225][  0]LogConfig: Applying CVar settings from Section [/Script/Engine.StreamingSettings] File [D:/Users/daniel.joo8189/Documents/GitHub/Prototype2/Saved/Config/Windows/Engine.ini]
[2019.08.06-23.26.28:225][  0]LogConfig: Setting CVar [[s.MinBulkDataSizeForAsyncLoading:131072]]
[2019.08.06-23.26.28:225][  0]LogConfig: Setting CVar [[s.AsyncLoadingThreadEnabled:0]]
[2019.08.06-23.26.28:225][  0]LogConfig: Setting CVar [[s.EventDrivenLoaderEnabled:1]]
[2019.08.06-23.26.28:225][  0]LogConfig: Setting CVar [[s.WarnIfTimeLimitExceeded:0]]
[2019.08.06-23.26.28:225][  0]LogConfig: Setting CVar [[s.TimeLimitExceededMultiplier:1.5]]
[2019.08.06-23.26.28:225][  0]LogConfig: Setting CVar [[s.TimeLimitExceededMinTime:0.005]]
[2019.08.06-23.26.28:225][  0]LogConfig: Setting CVar [[s.UseBackgroundLevelStreaming:1]]
[2019.08.06-23.26.28:225][  0]LogConfig: Setting CVar [[s.PriorityAsyncLoadingExtraTime:15.0]]
[2019.08.06-23.26.28:225][  0]LogConfig: Setting CVar [[s.LevelStreamingActorsUpdateTimeLimit:5.0]]
[2019.08.06-23.26.28:225][  0]LogConfig: Setting CVar [[s.PriorityLevelStreamingActorsUpdateExtraTime:5.0]]
[2019.08.06-23.26.28:225][  0]LogConfig: Setting CVar [[s.LevelStreamingComponentsRegistrationGranularity:10]]
[2019.08.06-23.26.28:225][  0]LogConfig: Setting CVar [[s.UnregisterComponentsTimeLimit:1.0]]
[2019.08.06-23.26.28:225][  0]LogConfig: Setting CVar [[s.LevelStreamingComponentsUnregistrationGranularity:5]]
[2019.08.06-23.26.28:225][  0]LogConfig: Applying CVar settings from Section [/Script/Engine.GarbageCollectionSettings] File [D:/Users/daniel.joo8189/Documents/GitHub/Prototype2/Saved/Config/Windows/Engine.ini]
[2019.08.06-23.26.28:225][  0]LogConfig: Setting CVar [[gc.MaxObjectsNotConsideredByGC:1]]
[2019.08.06-23.26.28:225][  0]LogConfig: Setting CVar [[gc.SizeOfPermanentObjectPool:0]]
[2019.08.06-23.26.28:225][  0]LogConfig: Setting CVar [[gc.FlushStreamingOnGC:0]]
[2019.08.06-23.26.28:225][  0]LogConfig: Setting CVar [[gc.NumRetriesBeforeForcingGC:10]]
[2019.08.06-23.26.28:225][  0]LogConfig: Setting CVar [[gc.AllowParallelGC:1]]
[2019.08.06-23.26.28:225][  0]LogConfig: Setting CVar [[gc.TimeBetweenPurgingPendingKillObjects:61.1]]
[2019.08.06-23.26.28:225][  0]LogConfig: Setting CVar [[gc.MaxObjectsInEditor:16777216]]
[2019.08.06-23.26.28:225][  0]LogConfig: Setting CVar [[gc.IncrementalBeginDestroyEnabled:1]]
[2019.08.06-23.26.28:225][  0]LogConfig: Setting CVar [[gc.CreateGCClusters:1]]
[2019.08.06-23.26.28:225][  0]LogConfig: Setting CVar [[gc.MinGCClusterSize:5]]
[2019.08.06-23.26.28:225][  0]LogConfig: Setting CVar [[gc.ActorClusteringEnabled:0]]
[2019.08.06-23.26.28:225][  0]LogConfig: Setting CVar [[gc.BlueprintClusteringEnabled:0]]
[2019.08.06-23.26.28:225][  0]LogConfig: Setting CVar [[gc.UseDisregardForGCOnDedicatedServers:0]]
[2019.08.06-23.26.28:225][  0]LogConfig: Applying CVar settings from Section [/Script/Engine.NetworkSettings] File [D:/Users/daniel.joo8189/Documents/GitHub/Prototype2/Saved/Config/Windows/Engine.ini]
[2019.08.06-23.26.28:225][  0]LogConfig: Applying CVar settings from Section [/Script/UnrealEd.CookerSettings] File [D:/Users/daniel.joo8189/Documents/GitHub/Prototype2/Saved/Config/Windows/Engine.ini]
[2019.08.06-23.26.28:230][  0]LogConfig: Applying CVar settings from Section [ViewDistanceQuality@3] File [D:/Users/daniel.joo8189/Documents/GitHub/Prototype2/Saved/Config/Windows/Scalability.ini]
[2019.08.06-23.26.28:230][  0]LogConfig: Setting CVar [[r.SkeletalMeshLODBias:0]]
[2019.08.06-23.26.28:230][  0]LogConfig: Setting CVar [[r.ViewDistanceScale:1.0]]
[2019.08.06-23.26.28:230][  0]LogConfig: Applying CVar settings from Section [AntiAliasingQuality@3] File [D:/Users/daniel.joo8189/Documents/GitHub/Prototype2/Saved/Config/Windows/Scalability.ini]
[2019.08.06-23.26.28:230][  0]LogConfig: Setting CVar [[r.PostProcessAAQuality:4]]
[2019.08.06-23.26.28:230][  0]LogConfig: Applying CVar settings from Section [ShadowQuality@3] File [D:/Users/daniel.joo8189/Documents/GitHub/Prototype2/Saved/Config/Windows/Scalability.ini]
[2019.08.06-23.26.28:230][  0]LogConfig: Setting CVar [[r.LightFunctionQuality:1]]
[2019.08.06-23.26.28:230][  0]LogConfig: Setting CVar [[r.ShadowQuality:5]]
[2019.08.06-23.26.28:230][  0]LogConfig: Setting CVar [[r.Shadow.CSM.MaxCascades:10]]
[2019.08.06-23.26.28:230][  0]LogConfig: Setting CVar [[r.Shadow.MaxResolution:2048]]
[2019.08.06-23.26.28:230][  0]LogConfig: Setting CVar [[r.Shadow.MaxCSMResolution:2048]]
[2019.08.06-23.26.28:230][  0]LogConfig: Setting CVar [[r.Shadow.RadiusThreshold:0.01]]
[2019.08.06-23.26.28:230][  0]LogConfig: Setting CVar [[r.Shadow.DistanceScale:1.0]]
[2019.08.06-23.26.28:230][  0]LogConfig: Setting CVar [[r.Shadow.CSM.TransitionScale:1.0]]
[2019.08.06-23.26.28:230][  0]LogConfig: Setting CVar [[r.Shadow.PreShadowResolutionFactor:1.0]]
[2019.08.06-23.26.28:230][  0]LogConfig: Setting CVar [[r.DistanceFieldShadowing:1]]
[2019.08.06-23.26.28:230][  0]LogConfig: Setting CVar [[r.DistanceFieldAO:1]]
[2019.08.06-23.26.28:230][  0]LogConfig: Setting CVar [[r.AOQuality:2]]
[2019.08.06-23.26.28:230][  0]LogConfig: Setting CVar [[r.VolumetricFog:1]]
[2019.08.06-23.26.28:230][  0]LogConfig: Setting CVar [[r.VolumetricFog.GridPixelSize:8]]
[2019.08.06-23.26.28:230][  0]LogConfig: Setting CVar [[r.VolumetricFog.GridSizeZ:128]]
[2019.08.06-23.26.28:230][  0]LogConfig: Setting CVar [[r.VolumetricFog.HistoryMissSupersampleCount:4]]
[2019.08.06-23.26.28:230][  0]LogConfig: Setting CVar [[r.LightMaxDrawDistanceScale:1]]
[2019.08.06-23.26.28:230][  0]LogConfig: Setting CVar [[r.CapsuleShadows:1]]
[2019.08.06-23.26.28:230][  0]LogConfig: Applying CVar settings from Section [PostProcessQuality@3] File [D:/Users/daniel.joo8189/Documents/GitHub/Prototype2/Saved/Config/Windows/Scalability.ini]
[2019.08.06-23.26.28:230][  0]LogConfig: Setting CVar [[r.MotionBlurQuality:4]]
[2019.08.06-23.26.28:230][  0]LogConfig: Setting CVar [[r.AmbientOcclusionMipLevelFactor:0.4]]
[2019.08.06-23.26.28:230][  0]LogConfig: Setting CVar [[r.AmbientOcclusionMaxQuality:100]]
[2019.08.06-23.26.28:230][  0]LogConfig: Setting CVar [[r.AmbientOcclusionLevels:-1]]
[2019.08.06-23.26.28:230][  0]LogConfig: Setting CVar [[r.AmbientOcclusionRadiusScale:1.0]]
[2019.08.06-23.26.28:230][  0]LogConfig: Setting CVar [[r.DepthOfFieldQuality:2]]
[2019.08.06-23.26.28:230][  0]LogConfig: Setting CVar [[r.RenderTargetPoolMin:400]]
[2019.08.06-23.26.28:230][  0]LogConfig: Setting CVar [[r.LensFlareQuality:2]]
[2019.08.06-23.26.28:230][  0]LogConfig: Setting CVar [[r.SceneColorFringeQuality:1]]
[2019.08.06-23.26.28:230][  0]LogConfig: Setting CVar [[r.EyeAdaptationQuality:2]]
[2019.08.06-23.26.28:230][  0]LogConfig: Setting CVar [[r.BloomQuality:5]]
[2019.08.06-23.26.28:230][  0]LogConfig: Setting CVar [[r.FastBlurThreshold:100]]
[2019.08.06-23.26.28:230][  0]LogConfig: Setting CVar [[r.Upscale.Quality:3]]
[2019.08.06-23.26.28:230][  0]LogConfig: Setting CVar [[r.Tonemapper.GrainQuantization:1]]
[2019.08.06-23.26.28:230][  0]LogConfig: Setting CVar [[r.LightShaftQuality:1]]
[2019.08.06-23.26.28:230][  0]LogConfig: Setting CVar [[r.Filter.SizeScale:1]]
[2019.08.06-23.26.28:230][  0]LogConfig: Setting CVar [[r.Tonemapper.Quality:5]]
[2019.08.06-23.26.28:230][  0]LogConfig: Setting CVar [[r.DOF.Gather.AccumulatorQuality:1        ; higher gathering accumulator quality]]
[2019.08.06-23.26.28:230][  0]LogConfig: Setting CVar [[r.DOF.Gather.PostfilterMethod:1          ; Median3x3 postfilering method]]
[2019.08.06-23.26.28:230][  0]LogConfig: Setting CVar [[r.DOF.Gather.EnableBokehSettings:0       ; no bokeh simulation when gathering]]
[2019.08.06-23.26.28:230][  0]LogConfig: Setting CVar [[r.DOF.Gather.RingCount:4                 ; medium number of samples when gathering]]
[2019.08.06-23.26.28:230][  0]LogConfig: Setting CVar [[r.DOF.Scatter.ForegroundCompositing:1    ; additive foreground scattering]]
[2019.08.06-23.26.28:230][  0]LogConfig: Setting CVar [[r.DOF.Scatter.BackgroundCompositing:2    ; additive background scattering]]
[2019.08.06-23.26.28:230][  0]LogConfig: Setting CVar [[r.DOF.Scatter.EnableBokehSettings:1      ; bokeh simulation when scattering]]
[2019.08.06-23.26.28:230][  0]LogConfig: Setting CVar [[r.DOF.Scatter.MaxSpriteRatio:0.1         ; only a maximum of 10% of scattered bokeh]]
[2019.08.06-23.26.28:230][  0]LogConfig: Setting CVar [[r.DOF.Recombine.Quality:1                ; cheap slight out of focus]]
[2019.08.06-23.26.28:230][  0]LogConfig: Setting CVar [[r.DOF.Recombine.EnableBokehSettings:0    ; no bokeh simulation on slight out of focus]]
[2019.08.06-23.26.28:231][  0]LogConfig: Setting CVar [[r.DOF.TemporalAAQuality:1                ; more stable temporal accumulation]]
[2019.08.06-23.26.28:231][  0]LogConfig: Setting CVar [[r.DOF.Kernel.MaxForegroundRadius:0.025]]
[2019.08.06-23.26.28:231][  0]LogConfig: Setting CVar [[r.DOF.Kernel.MaxBackgroundRadius:0.025]]
[2019.08.06-23.26.28:231][  0]LogConfig: Applying CVar settings from Section [TextureQuality@3] File [D:/Users/daniel.joo8189/Documents/GitHub/Prototype2/Saved/Config/Windows/Scalability.ini]
[2019.08.06-23.26.28:231][  0]LogConfig: Setting CVar [[r.Streaming.MipBias:0]]
[2019.08.06-23.26.28:231][  0]LogConfig: Setting CVar [[r.Streaming.AmortizeCPUToGPUCopy:0]]
[2019.08.06-23.26.28:231][  0]LogConfig: Setting CVar [[r.Streaming.MaxNumTexturesToStreamPerFrame:0]]
[2019.08.06-23.26.28:231][  0]LogConfig: Setting CVar [[r.Streaming.Boost:1]]
[2019.08.06-23.26.28:231][  0]LogConfig: Setting CVar [[r.MaxAnisotropy:8]]
[2019.08.06-23.26.28:231][  0]LogConfig: Setting CVar [[r.Streaming.LimitPoolSizeToVRAM:0]]
[2019.08.06-23.26.28:231][  0]LogConfig: Setting CVar [[r.Streaming.PoolSize:1000]]
[2019.08.06-23.26.28:231][  0]LogConfig: Setting CVar [[r.Streaming.MaxEffectiveScreenSize:0]]
[2019.08.06-23.26.28:231][  0]LogConfig: Applying CVar settings from Section [EffectsQuality@3] File [D:/Users/daniel.joo8189/Documents/GitHub/Prototype2/Saved/Config/Windows/Scalability.ini]
[2019.08.06-23.26.28:231][  0]LogConfig: Setting CVar [[r.TranslucencyLightingVolumeDim:64]]
[2019.08.06-23.26.28:231][  0]LogConfig: Setting CVar [[r.RefractionQuality:2]]
[2019.08.06-23.26.28:231][  0]LogConfig: Setting CVar [[r.SSR.Quality:3]]
[2019.08.06-23.26.28:231][  0]LogConfig: Setting CVar [[r.SceneColorFormat:4]]
[2019.08.06-23.26.28:231][  0]LogConfig: Setting CVar [[r.DetailMode:2]]
[2019.08.06-23.26.28:231][  0]LogConfig: Setting CVar [[r.TranslucencyVolumeBlur:1]]
[2019.08.06-23.26.28:231][  0]LogConfig: Setting CVar [[r.MaterialQualityLevel:1 ; High quality]]
[2019.08.06-23.26.28:231][  0]LogConfig: Setting CVar [[r.SSS.Scale:1]]
[2019.08.06-23.26.28:231][  0]LogConfig: Setting CVar [[r.SSS.SampleSet:2]]
[2019.08.06-23.26.28:231][  0]LogConfig: Setting CVar [[r.SSS.Quality:1]]
[2019.08.06-23.26.28:231][  0]LogConfig: Setting CVar [[r.SSS.HalfRes:1]]
[2019.08.06-23.26.28:231][  0]LogConfig: Setting CVar [[r.EmitterSpawnRateScale:1.0]]
[2019.08.06-23.26.28:231][  0]LogConfig: Setting CVar [[r.ParticleLightQuality:2]]
[2019.08.06-23.26.28:231][  0]LogConfig: Applying CVar settings from Section [FoliageQuality@3] File [D:/Users/daniel.joo8189/Documents/GitHub/Prototype2/Saved/Config/Windows/Scalability.ini]
[2019.08.06-23.26.28:231][  0]LogConfig: Setting CVar [[foliage.DensityScale:1.0]]
[2019.08.06-23.26.28:231][  0]LogConfig: Setting CVar [[grass.DensityScale:1.0]]
[2019.08.06-23.26.28:231][  0]LogInit: Selected Device Profile: [Windows]
[2019.08.06-23.26.28:231][  0]LogInit: Applying CVar settings loaded from the selected device profile: [Windows]
[2019.08.06-23.26.28:237][  0]LogHAL: Display: Platform has ~ 32 GB [34317541376 / 34359738368 / 32], which maps to Largest [LargestMinGB=32, LargerMinGB=12, DefaultMinGB=8, SmallerMinGB=6, SmallestMinGB=0)
[2019.08.06-23.26.28:237][  0]LogConfig: Setting CVar [[r.Vulkan.UseRealUBs:0		; Required until we fix HLR fall-out]]
[2019.08.06-23.26.28:237][  0]LogInit: Going up to parent DeviceProfile []
[2019.08.06-23.26.28:237][  0]LogConfig: Applying CVar settings from Section [ViewDistanceQuality@3] File [D:/Users/daniel.joo8189/Documents/GitHub/Prototype2/Saved/Config/Windows/Scalability.ini]
[2019.08.06-23.26.28:237][  0]LogConfig: Setting CVar [[r.SkeletalMeshLODBias:0]]
[2019.08.06-23.26.28:237][  0]LogConfig: Setting CVar [[r.ViewDistanceScale:1.0]]
[2019.08.06-23.26.28:237][  0]LogConfig: Applying CVar settings from Section [AntiAliasingQuality@3] File [D:/Users/daniel.joo8189/Documents/GitHub/Prototype2/Saved/Config/Windows/Scalability.ini]
[2019.08.06-23.26.28:237][  0]LogConfig: Setting CVar [[r.PostProcessAAQuality:4]]
[2019.08.06-23.26.28:238][  0]LogConfig: Applying CVar settings from Section [ShadowQuality@3] File [D:/Users/daniel.joo8189/Documents/GitHub/Prototype2/Saved/Config/Windows/Scalability.ini]
[2019.08.06-23.26.28:238][  0]LogConfig: Setting CVar [[r.LightFunctionQuality:1]]
[2019.08.06-23.26.28:238][  0]LogConfig: Setting CVar [[r.ShadowQuality:5]]
[2019.08.06-23.26.28:238][  0]LogConfig: Setting CVar [[r.Shadow.CSM.MaxCascades:10]]
[2019.08.06-23.26.28:238][  0]LogConfig: Setting CVar [[r.Shadow.MaxResolution:2048]]
[2019.08.06-23.26.28:238][  0]LogConfig: Setting CVar [[r.Shadow.MaxCSMResolution:2048]]
[2019.08.06-23.26.28:238][  0]LogConfig: Setting CVar [[r.Shadow.RadiusThreshold:0.01]]
[2019.08.06-23.26.28:238][  0]LogConfig: Setting CVar [[r.Shadow.DistanceScale:1.0]]
[2019.08.06-23.26.28:238][  0]LogConfig: Setting CVar [[r.Shadow.CSM.TransitionScale:1.0]]
[2019.08.06-23.26.28:238][  0]LogConfig: Setting CVar [[r.Shadow.PreShadowResolutionFactor:1.0]]
[2019.08.06-23.26.28:238][  0]LogConfig: Setting CVar [[r.DistanceFieldShadowing:1]]
[2019.08.06-23.26.28:238][  0]LogConfig: Setting CVar [[r.DistanceFieldAO:1]]
[2019.08.06-23.26.28:238][  0]LogConfig: Setting CVar [[r.AOQuality:2]]
[2019.08.06-23.26.28:238][  0]LogConfig: Setting CVar [[r.VolumetricFog:1]]
[2019.08.06-23.26.28:238][  0]LogConfig: Setting CVar [[r.VolumetricFog.GridPixelSize:8]]
[2019.08.06-23.26.28:238][  0]LogConfig: Setting CVar [[r.VolumetricFog.GridSizeZ:128]]
[2019.08.06-23.26.28:238][  0]LogConfig: Setting CVar [[r.VolumetricFog.HistoryMissSupersampleCount:4]]
[2019.08.06-23.26.28:238][  0]LogConfig: Setting CVar [[r.LightMaxDrawDistanceScale:1]]
[2019.08.06-23.26.28:238][  0]LogConfig: Setting CVar [[r.CapsuleShadows:1]]
[2019.08.06-23.26.28:238][  0]LogConfig: Applying CVar settings from Section [PostProcessQuality@3] File [D:/Users/daniel.joo8189/Documents/GitHub/Prototype2/Saved/Config/Windows/Scalability.ini]
[2019.08.06-23.26.28:238][  0]LogConfig: Setting CVar [[r.MotionBlurQuality:4]]
[2019.08.06-23.26.28:238][  0]LogConfig: Setting CVar [[r.AmbientOcclusionMipLevelFactor:0.4]]
[2019.08.06-23.26.28:238][  0]LogConfig: Setting CVar [[r.AmbientOcclusionMaxQuality:100]]
[2019.08.06-23.26.28:238][  0]LogConfig: Setting CVar [[r.AmbientOcclusionLevels:-1]]
[2019.08.06-23.26.28:238][  0]LogConfig: Setting CVar [[r.AmbientOcclusionRadiusScale:1.0]]
[2019.08.06-23.26.28:238][  0]LogConfig: Setting CVar [[r.DepthOfFieldQuality:2]]
[2019.08.06-23.26.28:238][  0]LogConfig: Setting CVar [[r.RenderTargetPoolMin:400]]
[2019.08.06-23.26.28:238][  0]LogConfig: Setting CVar [[r.LensFlareQuality:2]]
[2019.08.06-23.26.28:238][  0]LogConfig: Setting CVar [[r.SceneColorFringeQuality:1]]
[2019.08.06-23.26.28:238][  0]LogConfig: Setting CVar [[r.EyeAdaptationQuality:2]]
[2019.08.06-23.26.28:238][  0]LogConfig: Setting CVar [[r.BloomQuality:5]]
[2019.08.06-23.26.28:238][  0]LogConfig: Setting CVar [[r.FastBlurThreshold:100]]
[2019.08.06-23.26.28:238][  0]LogConfig: Setting CVar [[r.Upscale.Quality:3]]
[2019.08.06-23.26.28:238][  0]LogConfig: Setting CVar [[r.Tonemapper.GrainQuantization:1]]
[2019.08.06-23.26.28:238][  0]LogConfig: Setting CVar [[r.LightShaftQuality:1]]
[2019.08.06-23.26.28:238][  0]LogConfig: Setting CVar [[r.Filter.SizeScale:1]]
[2019.08.06-23.26.28:238][  0]LogConfig: Setting CVar [[r.Tonemapper.Quality:5]]
[2019.08.06-23.26.28:238][  0]LogConfig: Setting CVar [[r.DOF.Gather.AccumulatorQuality:1        ; higher gathering accumulator quality]]
[2019.08.06-23.26.28:238][  0]LogConfig: Setting CVar [[r.DOF.Gather.PostfilterMethod:1          ; Median3x3 postfilering method]]
[2019.08.06-23.26.28:238][  0]LogConfig: Setting CVar [[r.DOF.Gather.EnableBokehSettings:0       ; no bokeh simulation when gathering]]
[2019.08.06-23.26.28:238][  0]LogConfig: Setting CVar [[r.DOF.Gather.RingCount:4                 ; medium number of samples when gathering]]
[2019.08.06-23.26.28:238][  0]LogConfig: Setting CVar [[r.DOF.Scatter.ForegroundCompositing:1    ; additive foreground scattering]]
[2019.08.06-23.26.28:238][  0]LogConfig: Setting CVar [[r.DOF.Scatter.BackgroundCompositing:2    ; additive background scattering]]
[2019.08.06-23.26.28:238][  0]LogConfig: Setting CVar [[r.DOF.Scatter.EnableBokehSettings:1      ; bokeh simulation when scattering]]
[2019.08.06-23.26.28:238][  0]LogConfig: Setting CVar [[r.DOF.Scatter.MaxSpriteRatio:0.1         ; only a maximum of 10% of scattered bokeh]]
[2019.08.06-23.26.28:238][  0]LogConfig: Setting CVar [[r.DOF.Recombine.Quality:1                ; cheap slight out of focus]]
[2019.08.06-23.26.28:238][  0]LogConfig: Setting CVar [[r.DOF.Recombine.EnableBokehSettings:0    ; no bokeh simulation on slight out of focus]]
[2019.08.06-23.26.28:238][  0]LogConfig: Setting CVar [[r.DOF.TemporalAAQuality:1                ; more stable temporal accumulation]]
[2019.08.06-23.26.28:238][  0]LogConfig: Setting CVar [[r.DOF.Kernel.MaxForegroundRadius:0.025]]
[2019.08.06-23.26.28:238][  0]LogConfig: Setting CVar [[r.DOF.Kernel.MaxBackgroundRadius:0.025]]
[2019.08.06-23.26.28:238][  0]LogConfig: Applying CVar settings from Section [TextureQuality@3] File [D:/Users/daniel.joo8189/Documents/GitHub/Prototype2/Saved/Config/Windows/Scalability.ini]
[2019.08.06-23.26.28:238][  0]LogConfig: Setting CVar [[r.Streaming.MipBias:0]]
[2019.08.06-23.26.28:238][  0]LogConfig: Setting CVar [[r.Streaming.AmortizeCPUToGPUCopy:0]]
[2019.08.06-23.26.28:238][  0]LogConfig: Setting CVar [[r.Streaming.MaxNumTexturesToStreamPerFrame:0]]
[2019.08.06-23.26.28:238][  0]LogConfig: Setting CVar [[r.Streaming.Boost:1]]
[2019.08.06-23.26.28:238][  0]LogConfig: Setting CVar [[r.MaxAnisotropy:8]]
[2019.08.06-23.26.28:238][  0]LogConfig: Setting CVar [[r.Streaming.LimitPoolSizeToVRAM:0]]
[2019.08.06-23.26.28:238][  0]LogConfig: Setting CVar [[r.Streaming.PoolSize:1000]]
[2019.08.06-23.26.28:238][  0]LogConfig: Setting CVar [[r.Streaming.MaxEffectiveScreenSize:0]]
[2019.08.06-23.26.28:238][  0]LogConfig: Applying CVar settings from Section [EffectsQuality@3] File [D:/Users/daniel.joo8189/Documents/GitHub/Prototype2/Saved/Config/Windows/Scalability.ini]
[2019.08.06-23.26.28:238][  0]LogConfig: Setting CVar [[r.TranslucencyLightingVolumeDim:64]]
[2019.08.06-23.26.28:238][  0]LogConfig: Setting CVar [[r.RefractionQuality:2]]
[2019.08.06-23.26.28:238][  0]LogConfig: Setting CVar [[r.SSR.Quality:3]]
[2019.08.06-23.26.28:238][  0]LogConfig: Setting CVar [[r.SceneColorFormat:4]]
[2019.08.06-23.26.28:238][  0]LogConfig: Setting CVar [[r.DetailMode:2]]
[2019.08.06-23.26.28:238][  0]LogConfig: Setting CVar [[r.TranslucencyVolumeBlur:1]]
[2019.08.06-23.26.28:238][  0]LogConfig: Setting CVar [[r.MaterialQualityLevel:1 ; High quality]]
[2019.08.06-23.26.28:238][  0]LogConfig: Setting CVar [[r.SSS.Scale:1]]
[2019.08.06-23.26.28:238][  0]LogConfig: Setting CVar [[r.SSS.SampleSet:2]]
[2019.08.06-23.26.28:238][  0]LogConfig: Setting CVar [[r.SSS.Quality:1]]
[2019.08.06-23.26.28:238][  0]LogConfig: Setting CVar [[r.SSS.HalfRes:1]]
[2019.08.06-23.26.28:238][  0]LogConfig: Setting CVar [[r.EmitterSpawnRateScale:1.0]]
[2019.08.06-23.26.28:238][  0]LogConfig: Setting CVar [[r.ParticleLightQuality:2]]
[2019.08.06-23.26.28:238][  0]LogConfig: Applying CVar settings from Section [FoliageQuality@3] File [D:/Users/daniel.joo8189/Documents/GitHub/Prototype2/Saved/Config/Windows/Scalability.ini]
[2019.08.06-23.26.28:238][  0]LogConfig: Setting CVar [[foliage.DensityScale:1.0]]
[2019.08.06-23.26.28:238][  0]LogConfig: Setting CVar [[grass.DensityScale:1.0]]
[2019.08.06-23.26.28:238][  0]LogConfig: Applying CVar settings from Section [Startup] File [../../../Engine/Config/ConsoleVariables.ini]
[2019.08.06-23.26.28:238][  0]LogConfig: Setting CVar [[net.UseAdaptiveNetUpdateFrequency:0]]
[2019.08.06-23.26.28:238][  0]LogConfig: Setting CVar [[p.chaos.AllowCreatePhysxBodies:1]]
[2019.08.06-23.26.28:238][  0]LogConfig: Applying CVar settings from Section [ConsoleVariables] File [D:/Users/daniel.joo8189/Documents/GitHub/Prototype2/Saved/Config/Windows/Engine.ini]
[2019.08.06-23.26.28:238][  0]LogInit: Computer: 1806C012
[2019.08.06-23.26.28:239][  0]LogInit: User: danieljoo8189
[2019.08.06-23.26.28:239][  0]LogInit: CPU Page size=4096, Cores=4
[2019.08.06-23.26.28:239][  0]LogInit: High frequency timer resolution =3.515628 MHz
[2019.08.06-23.26.28:239][  0]LogMemory: Memory total: Physical=32.0GB (32GB approx)
[2019.08.06-23.26.28:239][  0]LogMemory: Platform Memory Stats for Windows
[2019.08.06-23.26.28:239][  0]LogMemory: Process Physical Memory: 100.02 MB used, 100.02 MB peak
[2019.08.06-23.26.28:239][  0]LogMemory: Process Virtual Memory: 100.46 MB used, 100.46 MB peak
[2019.08.06-23.26.28:239][  0]LogMemory: Physical Memory: 10726.72 MB used,  22001.04 MB free, 32727.76 MB total
[2019.08.06-23.26.28:239][  0]LogMemory: Virtual Memory: 4673.96 MB used,  134213056.00 MB free, 134217728.00 MB total
[2019.08.06-23.26.28:259][  0]LogInit: Using OS detected language (en-US).
[2019.08.06-23.26.28:259][  0]LogInit: Using OS detected locale (en-NZ).
[2019.08.06-23.26.28:260][  0]LogTextLocalizationManager: No specific localization for 'en-US' exists, so the 'en' localization will be used.
[2019.08.06-23.26.28:388][  0]LogInit: Setting process to per monitor DPI aware
[2019.08.06-23.26.28:410][  0]LogSlate: New Slate User Created.  User Index 0, Is Virtual User: 0
[2019.08.06-23.26.28:410][  0]LogSlate: Slate User Registered.  User Index 0, Is Virtual User: 0
[2019.08.06-23.26.28:542][  0]LogHMD: Failed to initialize OpenVR with code 110
[2019.08.06-23.26.28:542][  0]LogD3D11RHI: D3D11 adapters:
[2019.08.06-23.26.28:590][  0]LogD3D11RHI:    0. 'NVIDIA GeForce GTX 1080' (Feature Level 11_0)
[2019.08.06-23.26.28:590][  0]LogD3D11RHI:       8086/0/16363 MB DedicatedVideo/DedicatedSystem/SharedSystem, Outputs:2, VendorId:0x10de
[2019.08.06-23.26.28:592][  0]LogD3D11RHI:    1. 'Microsoft Basic Render Driver' (Feature Level 11_0)
[2019.08.06-23.26.28:592][  0]LogD3D11RHI:       0/0/16363 MB DedicatedVideo/DedicatedSystem/SharedSystem, Outputs:0, VendorId:0x1414
[2019.08.06-23.26.28:592][  0]LogD3D11RHI: Chosen D3D11 Adapter: 0
[2019.08.06-23.26.28:600][  0]LogD3D11RHI: Creating new Direct3DDevice
[2019.08.06-23.26.28:600][  0]LogD3D11RHI:     GPU DeviceId: 0x1b80 (for the marketing name, search the web for "GPU Device Id")
[2019.08.06-23.26.28:600][  0]LogWindows: EnumDisplayDevices:
[2019.08.06-23.26.28:600][  0]LogWindows:    0. 'NVIDIA GeForce GTX 1080' (P:1 D:1)
[2019.08.06-23.26.28:600][  0]LogWindows:    1. 'NVIDIA GeForce GTX 1080' (P:0 D:1)
[2019.08.06-23.26.28:600][  0]LogWindows:    2. 'NVIDIA GeForce GTX 1080' (P:0 D:0)
[2019.08.06-23.26.28:601][  0]LogWindows:    3. 'NVIDIA GeForce GTX 1080' (P:0 D:0)
[2019.08.06-23.26.28:601][  0]LogWindows:    4. 'Mirage Driver' (P:0 D:0)
[2019.08.06-23.26.28:601][  0]LogWindows: DebugString: GetVideoDriverDetailsInvalid PrimaryIsNotTheChoosenAdapter FoundDriverCount:4 
[2019.08.06-23.26.28:601][  0]LogD3D11RHI:     Adapter Name: NVIDIA GeForce GTX 1080
[2019.08.06-23.26.28:601][  0]LogD3D11RHI:   Driver Version: 388.13 (internal:23.21.13.8813, unified:388.13)
[2019.08.06-23.26.28:601][  0]LogD3D11RHI:      Driver Date: 10-27-2017
[2019.08.06-23.26.28:601][  0]LogRHI: Texture pool is 5660 MB (70% of 8086 MB)
[2019.08.06-23.26.28:623][  0]LogD3D11RHI: Async texture creation enabled
[2019.08.06-23.26.28:625][  0]LogRendererCore: FGlobalReadBuffer::InitRHI
[2019.08.06-23.26.28:625][  0]LogRendererCore: FGlobalReadBuffer::InitRHI
[2019.08.06-23.26.28:625][  0]LogRendererCore: FGlobalReadBuffer::InitRHI
[2019.08.06-23.26.28:633][  0]LogD3D11RHI: GPU Timing Frequency: 1000.000000 (Debug: 2 1)
[2019.08.06-23.26.28:985][  0]LogTemp: Display: Module 'AllDesktopTargetPlatform' loaded TargetPlatform 'AllDesktop'
[2019.08.06-23.26.28:997][  0]LogTemp: Display: Module 'MacClientTargetPlatform' loaded TargetPlatform 'MacClient'
[2019.08.06-23.26.29:010][  0]LogTemp: Display: Module 'MacNoEditorTargetPlatform' loaded TargetPlatform 'MacNoEditor'
[2019.08.06-23.26.29:021][  0]LogTemp: Display: Module 'MacServerTargetPlatform' loaded TargetPlatform 'MacServer'
[2019.08.06-23.26.29:034][  0]LogTemp: Display: Module 'MacTargetPlatform' loaded TargetPlatform 'Mac'
[2019.08.06-23.26.29:046][  0]LogTemp: Display: Module 'WindowsClientTargetPlatform' loaded TargetPlatform 'WindowsClient'
[2019.08.06-23.26.29:058][  0]LogTemp: Display: Module 'WindowsNoEditorTargetPlatform' loaded TargetPlatform 'WindowsNoEditor'
[2019.08.06-23.26.29:070][  0]LogTemp: Display: Module 'WindowsServerTargetPlatform' loaded TargetPlatform 'WindowsServer'
[2019.08.06-23.26.29:076][  0]LogTemp: Display: Module 'WindowsTargetPlatform' loaded TargetPlatform 'Windows'
[2019.08.06-23.26.29:142][  0]LogTemp: Display: Module 'AndroidTargetPlatform' loaded TargetPlatform 'Android'
[2019.08.06-23.26.29:142][  0]LogTemp: Display: Module 'AndroidTargetPlatform' loaded TargetPlatform 'Android_ASTC'
[2019.08.06-23.26.29:142][  0]LogTemp: Display: Module 'AndroidTargetPlatform' loaded TargetPlatform 'Android_ATC'
[2019.08.06-23.26.29:142][  0]LogTemp: Display: Module 'AndroidTargetPlatform' loaded TargetPlatform 'Android_DXT'
[2019.08.06-23.26.29:142][  0]LogTemp: Display: Module 'AndroidTargetPlatform' loaded TargetPlatform 'Android_ETC1'
[2019.08.06-23.26.29:142][  0]LogTemp: Display: Module 'AndroidTargetPlatform' loaded TargetPlatform 'Android_ETC1a'
[2019.08.06-23.26.29:142][  0]LogTemp: Display: Module 'AndroidTargetPlatform' loaded TargetPlatform 'Android_ETC2'
[2019.08.06-23.26.29:142][  0]LogTemp: Display: Module 'AndroidTargetPlatform' loaded TargetPlatform 'Android_PVRTC'
[2019.08.06-23.26.29:142][  0]LogTemp: Display: Module 'AndroidTargetPlatform' loaded TargetPlatform 'AndroidClient'
[2019.08.06-23.26.29:142][  0]LogTemp: Display: Module 'AndroidTargetPlatform' loaded TargetPlatform 'Android_ASTCClient'
[2019.08.06-23.26.29:142][  0]LogTemp: Display: Module 'AndroidTargetPlatform' loaded TargetPlatform 'Android_ATCClient'
[2019.08.06-23.26.29:142][  0]LogTemp: Display: Module 'AndroidTargetPlatform' loaded TargetPlatform 'Android_DXTClient'
[2019.08.06-23.26.29:142][  0]LogTemp: Display: Module 'AndroidTargetPlatform' loaded TargetPlatform 'Android_ETC1Client'
[2019.08.06-23.26.29:142][  0]LogTemp: Display: Module 'AndroidTargetPlatform' loaded TargetPlatform 'Android_ETC1aClient'
[2019.08.06-23.26.29:142][  0]LogTemp: Display: Module 'AndroidTargetPlatform' loaded TargetPlatform 'Android_ETC2Client'
[2019.08.06-23.26.29:142][  0]LogTemp: Display: Module 'AndroidTargetPlatform' loaded TargetPlatform 'Android_PVRTCClient'
[2019.08.06-23.26.29:142][  0]LogTemp: Display: Module 'AndroidTargetPlatform' loaded TargetPlatform 'Android_Multi'
[2019.08.06-23.26.29:142][  0]LogTemp: Display: Module 'AndroidTargetPlatform' loaded TargetPlatform 'Android_MultiClient'
[2019.08.06-23.26.29:144][  0]LogTemp: Display: Module 'HTML5TargetPlatform' loaded TargetPlatform 'HTML5'
[2019.08.06-23.26.29:188][  0]LogTemp: Display: Module 'IOSTargetPlatform' loaded TargetPlatform 'IOSClient'
[2019.08.06-23.26.29:188][  0]LogTemp: Display: Module 'IOSTargetPlatform' loaded TargetPlatform 'IOS'
[2019.08.06-23.26.29:208][  0]LogTemp: Display: Module 'TVOSTargetPlatform' loaded TargetPlatform 'TVOSClient'
[2019.08.06-23.26.29:208][  0]LogTemp: Display: Module 'TVOSTargetPlatform' loaded TargetPlatform 'TVOS'
[2019.08.06-23.26.29:218][  0]LogTemp: Display: Module 'LinuxClientTargetPlatform' loaded TargetPlatform 'LinuxClient'
[2019.08.06-23.26.29:236][  0]LogTemp: Display: Module 'LinuxNoEditorTargetPlatform' loaded TargetPlatform 'LinuxNoEditor'
[2019.08.06-23.26.29:248][  0]LogTemp: Display: Module 'LinuxServerTargetPlatform' loaded TargetPlatform 'LinuxServer'
[2019.08.06-23.26.29:259][  0]LogTemp: Display: Module 'LinuxTargetPlatform' loaded TargetPlatform 'Linux'
[2019.08.06-23.26.29:295][  0]LogTemp: Display: Module 'LuminTargetPlatform' loaded TargetPlatform 'Lumin'
[2019.08.06-23.26.29:295][  0]LogTemp: Display: Module 'LuminTargetPlatform' loaded TargetPlatform 'LuminClient'
[2019.08.06-23.26.29:295][  0]LogTargetPlatformManager: Display: Building Assets For Windows
[2019.08.06-23.26.29:303][  0]LogAudioDebug: Display: Lib vorbis DLL was dynamically loaded.
[2019.08.06-23.26.29:349][  0]LogShaderCompilers: Guid format shader working directory is -5 characters bigger than the processId version (../../../../Users/daniel.joo8189/Documents/GitHub/Prototype2/Intermediate/Shaders/WorkingDirectory/8724/).
[2019.08.06-23.26.29:349][  0]LogShaderCompilers: Cleaned the shader compiler working directory 'D:/Users/daniel.joo8189/AppData/Local/Temp/UnrealShaderWorkingDir/D07F7504469ACE3EAE7F65AC4EF72F78/'.
[2019.08.06-23.26.29:351][  0]LogXGEController: Cleaning working directory: D:/Users/daniel.joo8189/AppData/Local/Temp/UnrealXGEWorkingDir/
[2019.08.06-23.26.29:351][  0]LogXGEController: Cannot use XGE Controller as Incredibuild is not installed on this machine.
[2019.08.06-23.26.29:351][  0]LogShaderCompilers: Cannot use XGE Shader Compiler as Incredibuild is not installed on this machine.
[2019.08.06-23.26.29:351][  0]LogShaderCompilers: Display: Using Local Shader Compiler.
[2019.08.06-23.26.29:798][  0]LogDerivedDataCache: Display: Max Cache Size: 512 MB
[2019.08.06-23.26.29:840][  0]LogDerivedDataCache: Loaded boot cache 0.04s 71MB D:/Users/daniel.joo8189/AppData/Local/UnrealEngine/4.22/DerivedDataCache/Boot.ddc.
[2019.08.06-23.26.29:840][  0]LogDerivedDataCache: Display: Loaded Boot cache: D:/Users/daniel.joo8189/AppData/Local/UnrealEngine/4.22/DerivedDataCache/Boot.ddc
[2019.08.06-23.26.29:840][  0]LogDerivedDataCache: FDerivedDataBackendGraph:  Pak pak cache file ../../../../Users/daniel.joo8189/Documents/GitHub/Prototype2/DerivedDataCache/DDC.ddp not found, will not use a pak cache.
[2019.08.06-23.26.29:840][  0]LogDerivedDataCache: Unable to find inner node Pak for hierarchical cache Hierarchy.
[2019.08.06-23.26.29:840][  0]LogDerivedDataCache: FDerivedDataBackendGraph:  CompressedPak pak cache file ../../../../Users/daniel.joo8189/Documents/GitHub/Prototype2/DerivedDataCache/Compressed.ddp not found, will not use a pak cache.
[2019.08.06-23.26.29:840][  0]LogDerivedDataCache: Unable to find inner node CompressedPak for hierarchical cache Hierarchy.
[2019.08.06-23.26.29:850][  0]LogDerivedDataCache: Display: Pak cache opened for reading ../../../Engine/DerivedDataCache/Compressed.ddp.
[2019.08.06-23.26.29:850][  0]LogDerivedDataCache: FDerivedDataBackendGraph:  EnterprisePak pak cache file ../../../Enterprise/DerivedDataCache/Compressed.ddp not found, will not use a pak cache.
[2019.08.06-23.26.29:850][  0]LogDerivedDataCache: Unable to find inner node EnterprisePak for hierarchical cache Hierarchy.
[2019.08.06-23.26.29:862][  0]LogDerivedDataCache: Using Local data cache path D:/Users/daniel.joo8189/AppData/Local/UnrealEngine/Common/DerivedDataCache: Writable
[2019.08.06-23.26.29:862][  0]LogDerivedDataCache: Shared data cache path not found in *engine.ini, will not use an Shared cache.
[2019.08.06-23.26.29:862][  0]LogDerivedDataCache: Unable to find inner node Shared for hierarchical cache Hierarchy.
[2019.08.06-23.26.29:880][  0]LogMaterial: Verifying Global Shaders for PCD3D_SM5
[2019.08.06-23.26.29:881][  0]LogSlate: Using FreeType 2.6.0
[2019.08.06-23.26.29:882][  0]LogSlate: SlateFontServices - WITH_FREETYPE: 1, WITH_HARFBUZZ: 1
[2019.08.06-23.26.29:953][  0]LogAssetRegistry: FAssetRegistry took 0.0317 seconds to start up
[2019.08.06-23.26.30:220][  0]LogInit: Selected Device Profile: [Windows]
[2019.08.06-23.26.30:268][  0]LogMeshReduction: Using QuadricMeshReduction for automatic static mesh reduction
[2019.08.06-23.26.30:268][  0]LogMeshReduction: Using SimplygonMeshReduction for automatic skeletal mesh reduction
[2019.08.06-23.26.30:268][  0]LogMeshReduction: Using ProxyLODMeshReduction for automatic mesh merging
[2019.08.06-23.26.30:268][  0]LogMeshReduction: No distributed automatic mesh merging module available
[2019.08.06-23.26.30:269][  0]LogMeshMerging: No distributed automatic mesh merging module available
[2019.08.06-23.26.30:342][  0]LogNetVersion: Prototype2 1.0.0, NetCL: 5660361, EngineNetVer: 10, GameNetVer: 0 (Checksum: 4176611701)
[2019.08.06-23.26.30:643][  0]LogPackageLocalizationCache: Processed 10 localized package path(s) for 1 prioritized culture(s) in 0.025433 seconds
[2019.08.06-23.26.30:649][  0]LogUObjectArray: 42205 objects as part of root set at end of initial load.
[2019.08.06-23.26.30:649][  0]LogUObjectAllocator: 7325032 out of 0 bytes used by permanent object pool.
[2019.08.06-23.26.30:649][  0]LogUObjectArray: CloseDisregardForGC: 0/0 objects in disregard for GC pool
[2019.08.06-23.26.31:326][  0]LogTcpMessaging: Initializing TcpMessaging bridge
[2019.08.06-23.26.31:339][  0]LogUdpMessaging: Initializing bridge on interface 0.0.0.0:0 to multicast group 230.0.0.1:6666.
[2019.08.06-23.26.31:437][  0]SourceControl: Source control is disabled
[2019.08.06-23.26.31:437][  0]LogWindows: Warning: CreateProc failed: The system cannot find the file specified. (0x00000002)
[2019.08.06-23.26.31:437][  0]LogWindows: Warning: URL: C:/Program Files/Git/bin/git.exe version
[2019.08.06-23.26.31:437][  0]LogWindows: Warning: CreateProc failed: The system cannot find the file specified. (0x00000002)
[2019.08.06-23.26.31:437][  0]LogWindows: Warning: URL: C:/Program Files (x86)/Git/bin/git.exe version
[2019.08.06-23.26.31:437][  0]LogWindows: Warning: CreateProc failed: The system cannot find the file specified. (0x00000002)
[2019.08.06-23.26.31:437][  0]LogWindows: Warning: URL: D:\Users\daniel.joo8189\AppData\Local/Programs/Git/cmd/git.exe version
[2019.08.06-23.26.31:437][  0]LogWindows: Warning: CreateProc failed: The system cannot find the file specified. (0x00000002)
[2019.08.06-23.26.31:438][  0]LogWindows: Warning: URL: C:/Program Files (x86)/SmartGit/git/bin/git.exe version
[2019.08.06-23.26.31:438][  0]LogWindows: Warning: CreateProc failed: The system cannot find the file specified. (0x00000002)
[2019.08.06-23.26.31:438][  0]LogWindows: Warning: URL: C:/Program Files (x86)/SmartGit/bin/git.exe version
[2019.08.06-23.26.31:438][  0]LogWindows: Warning: CreateProc failed: The system cannot find the file specified. (0x00000002)
[2019.08.06-23.26.31:438][  0]LogWindows: Warning: URL: D:\Users\daniel.joo8189\AppData\Local/Atlassian/SourceTree/git_local/bin/git.exe version
[2019.08.06-23.26.31:438][  0]LogWindows: Warning: CreateProc failed: The system cannot find the file specified. (0x00000002)
[2019.08.06-23.26.31:438][  0]LogWindows: Warning: URL: C:/Program Files (x86)/fournova/Tower/vendor/Git/bin/git.exe version
[2019.08.06-23.26.31:439][  0]LogWindows: Warning: CreateProc failed: The system cannot find the file specified. (0x00000002)
[2019.08.06-23.26.31:439][  0]LogWindows: Warning: URL: C:/Program Files/Git/bin/git.exe version
[2019.08.06-23.26.31:440][  0]LogWindows: Warning: CreateProc failed: The system cannot find the file specified. (0x00000002)
[2019.08.06-23.26.31:440][  0]LogWindows: Warning: URL: C:/Program Files (x86)/Git/bin/git.exe version
[2019.08.06-23.26.31:440][  0]LogWindows: Warning: CreateProc failed: The system cannot find the file specified. (0x00000002)
[2019.08.06-23.26.31:440][  0]LogWindows: Warning: URL: D:\Users\daniel.joo8189\AppData\Local/Programs/Git/cmd/git.exe version
[2019.08.06-23.26.31:440][  0]LogWindows: Warning: CreateProc failed: The system cannot find the file specified. (0x00000002)
[2019.08.06-23.26.31:440][  0]LogWindows: Warning: URL: C:/Program Files (x86)/SmartGit/git/bin/git.exe version
[2019.08.06-23.26.31:440][  0]LogWindows: Warning: CreateProc failed: The system cannot find the file specified. (0x00000002)
[2019.08.06-23.26.31:440][  0]LogWindows: Warning: URL: C:/Program Files (x86)/SmartGit/bin/git.exe version
[2019.08.06-23.26.31:440][  0]LogWindows: Warning: CreateProc failed: The system cannot find the file specified. (0x00000002)
[2019.08.06-23.26.31:440][  0]LogWindows: Warning: URL: D:\Users\daniel.joo8189\AppData\Local/Atlassian/SourceTree/git_local/bin/git.exe version
[2019.08.06-23.26.31:440][  0]LogWindows: Warning: CreateProc failed: The system cannot find the file specified. (0x00000002)
[2019.08.06-23.26.31:440][  0]LogWindows: Warning: URL: C:/Program Files (x86)/fournova/Tower/vendor/Git/bin/git.exe version
[2019.08.06-23.26.31:441][  0]LogWindows: Warning: CreateProc failed: The system cannot find the file specified. (0x00000002)
[2019.08.06-23.26.31:441][  0]LogWindows: Warning: URL: C:/Program Files/Git/bin/git.exe version
[2019.08.06-23.26.31:442][  0]LogWindows: Warning: CreateProc failed: The system cannot find the file specified. (0x00000002)
[2019.08.06-23.26.31:442][  0]LogWindows: Warning: URL: C:/Program Files (x86)/Git/bin/git.exe version
[2019.08.06-23.26.31:442][  0]LogWindows: Warning: CreateProc failed: The system cannot find the file specified. (0x00000002)
[2019.08.06-23.26.31:442][  0]LogWindows: Warning: URL: D:\Users\daniel.joo8189\AppData\Local/Programs/Git/cmd/git.exe version
[2019.08.06-23.26.31:442][  0]LogWindows: Warning: CreateProc failed: The system cannot find the file specified. (0x00000002)
[2019.08.06-23.26.31:442][  0]LogWindows: Warning: URL: C:/Program Files (x86)/SmartGit/git/bin/git.exe version
[2019.08.06-23.26.31:442][  0]LogWindows: Warning: CreateProc failed: The system cannot find the file specified. (0x00000002)
[2019.08.06-23.26.31:442][  0]LogWindows: Warning: URL: C:/Program Files (x86)/SmartGit/bin/git.exe version
[2019.08.06-23.26.31:442][  0]LogWindows: Warning: CreateProc failed: The system cannot find the file specified. (0x00000002)
[2019.08.06-23.26.31:442][  0]LogWindows: Warning: URL: D:\Users\daniel.joo8189\AppData\Local/Atlassian/SourceTree/git_local/bin/git.exe version
[2019.08.06-23.26.31:442][  0]LogWindows: Warning: CreateProc failed: The system cannot find the file specified. (0x00000002)
[2019.08.06-23.26.31:442][  0]LogWindows: Warning: URL: C:/Program Files (x86)/fournova/Tower/vendor/Git/bin/git.exe version
[2019.08.06-23.26.31:504][  0]LogAndroidPermission: UAndroidPermissionCallbackProxy::GetInstance
[2019.08.06-23.26.31:556][  0]LogOcInput: OculusInput pre-init called
[2019.08.06-23.26.32:103][  0]LogEngine: Initializing Engine...
[2019.08.06-23.26.32:103][  0]LogHMD: Failed to initialize OpenVR with code 110
[2019.08.06-23.26.32:104][  0]LogStats: UGameplayTagsManager::InitializeManager -  0.000 s
[2019.08.06-23.26.32:269][  0]LogInit: Initializing FReadOnlyCVARCache
[2019.08.06-23.26.32:283][  0]LogAIModule: Creating AISystem for world Untitled
[2019.08.06-23.26.32:291][  0]LogInit: XAudio2 using 'Digital Audio (S/PDIF) (High Definition Audio Device)' : 2 channels at 48 kHz using 16 bits per sample (channel mask 0x3)
[2019.08.06-23.26.32:367][  0]LogInit: FAudioDevice initialized.
[2019.08.06-23.26.32:367][  0]LogNetVersion: Set ProjectVersion to 1.0.0.0. Version Checksum will be recalculated on next use.
[2019.08.06-23.26.32:508][  0]LogDerivedDataCache: Saved boot cache 0.14s 71MB D:/Users/daniel.joo8189/AppData/Local/UnrealEngine/4.22/DerivedDataCache/Boot.ddc.
[2019.08.06-23.26.32:516][  0]LogInit: Texture streaming: Enabled
[2019.08.06-23.26.32:532][  0]LogEngineSessionManager: EngineSessionManager initialized
[2019.08.06-23.26.32:550][  0]LogInit: Transaction tracking system initialized
[2019.08.06-23.26.32:572][  0]BlueprintLog: New page: Editor Load
[2019.08.06-23.26.32:652][  0]LocalizationService: Localization service is disabled
[2019.08.06-23.26.32:916][  0]LogFileCache: Scanning file cache for directory 'D:/Users/daniel.joo8189/Documents/GitHub/Prototype2/Content/' took 0.02s
[2019.08.06-23.26.32:916][  0]LogCook: Display: Max memory allowance for cook 16384mb min free memory 0mb
[2019.08.06-23.26.32:916][  0]LogCook: Display: Mobile HDR setting 1
[2019.08.06-23.26.33:079][  0]LogWindows: Warning: CreateProc failed: The system cannot find the file specified. (0x00000002)
[2019.08.06-23.26.33:079][  0]LogWindows: Warning: URL: C:/Program Files/Git/bin/git.exe version
[2019.08.06-23.26.33:079][  0]LogWindows: Warning: CreateProc failed: The system cannot find the file specified. (0x00000002)
[2019.08.06-23.26.33:079][  0]LogWindows: Warning: URL: C:/Program Files (x86)/Git/bin/git.exe version
[2019.08.06-23.26.33:079][  0]LogWindows: Warning: CreateProc failed: The system cannot find the file specified. (0x00000002)
[2019.08.06-23.26.33:079][  0]LogWindows: Warning: URL: D:\Users\daniel.joo8189\AppData\Local/Programs/Git/cmd/git.exe version
[2019.08.06-23.26.33:080][  0]LogWindows: Warning: CreateProc failed: The system cannot find the file specified. (0x00000002)
[2019.08.06-23.26.33:080][  0]LogWindows: Warning: URL: C:/Program Files (x86)/SmartGit/git/bin/git.exe version
[2019.08.06-23.26.33:080][  0]LogWindows: Warning: CreateProc failed: The system cannot find the file specified. (0x00000002)
[2019.08.06-23.26.33:080][  0]LogWindows: Warning: URL: C:/Program Files (x86)/SmartGit/bin/git.exe version
[2019.08.06-23.26.33:080][  0]LogWindows: Warning: CreateProc failed: The system cannot find the file specified. (0x00000002)
[2019.08.06-23.26.33:080][  0]LogWindows: Warning: URL: D:\Users\daniel.joo8189\AppData\Local/Atlassian/SourceTree/git_local/bin/git.exe version
[2019.08.06-23.26.33:080][  0]LogWindows: Warning: CreateProc failed: The system cannot find the file specified. (0x00000002)
[2019.08.06-23.26.33:080][  0]LogWindows: Warning: URL: C:/Program Files (x86)/fournova/Tower/vendor/Git/bin/git.exe version
[2019.08.06-23.26.33:166][  0]LogSlate: Took 0.000184 seconds to synchronously load lazily loaded font '../../../Engine/Content/Slate/Fonts/Roboto-Regular.ttf' (155K)
[2019.08.06-23.26.48:937][  0]LogSlate: Window 'Restore Packages' being destroyed
[2019.08.06-23.26.48:937][  0]LogWindowsTextInputMethodSystem: Display: IME system now deactivated.
[2019.08.06-23.26.48:948][  0]LogWindowsTextInputMethodSystem: Display: IME system now deactivated.
[2019.08.06-23.26.48:949][  0]Cmd: MAP LOAD FILE="../../../../Users/daniel.joo8189/Documents/GitHub/Prototype2/Content/FirstPersonBP/Maps/FirstPersonExampleMap.umap" TEMPLATE=0 SHOWPROGRESS=1 FEATURELEVEL=3
[2019.08.06-23.26.48:949][  0]LightingResults: New page: Lighting Build
[2019.08.06-23.26.48:954][  0]MapCheck: New page: Map Check
[2019.08.06-23.26.48:954][  0]LightingResults: New page: Lighting Build
[2019.08.06-23.26.48:980][  0]LogUObjectHash: Compacting FUObjectHashTables data took   3.04ms
[2019.08.06-23.26.49:450][  0]LogAnimationCompression: Building Anim DDC data for AnimSequence /Game/Enemies/EnemyAnimations/Fries/FriAttackAnim_Anim.FriAttackAnim_Anim
[2019.08.06-23.26.49:450][  0]LogAnimationCompression: Recompressing (AnimSequence /Game/Enemies/EnemyAnimations/Fries/FriAttackAnim_Anim.FriAttackAnim_Anim) using current/default (AnimCompress_BitwiseCompressOnly_0) bFirstRecompressUsingCurrentOrDefault(1) bTryAlternateCompressor(0) IsCompressedDataValid(0)
[2019.08.06-23.26.49:575][  0]LogAIModule: Creating AISystem for world FirstPersonExampleMap
[2019.08.06-23.26.49:588][  0]LogEditorServer: Finished looking for orphan Actors (0.000 secs)
[2019.08.06-23.26.49:618][  0]LogUObjectHash: Compacting FUObjectHashTables data took   2.04ms
[2019.08.06-23.26.49:618][  0]Cmd: MAP CHECKDEP NOCLEARLOG
[2019.08.06-23.26.49:618][  0]MapCheck: Map check complete: 0 Error(s), 0 Warning(s), took 0.212ms to complete.
[2019.08.06-23.26.49:619][  0]LogFileHelpers: Loading map 'FirstPersonExampleMap' took 0.669
[2019.08.06-23.26.49:665][  0]LogSlate: Updating window title bar state: overlay mode, drag disabled, window buttons hidden, title bar hidden
[2019.08.06-23.26.49:672][  0]LogSlate: Updating window title bar state: overlay mode, drag disabled, window buttons hidden, title bar hidden
[2019.08.06-23.26.49:681][  0]LogSlate: Updating window title bar state: overlay mode, drag disabled, window buttons hidden, title bar hidden
[2019.08.06-23.26.49:687][  0]LogSlate: Updating window title bar state: overlay mode, drag disabled, window buttons hidden, title bar hidden
[2019.08.06-23.26.49:694][  0]LogCollectionManager: Loaded 0 collections in 0.002055 seconds
[2019.08.06-23.26.49:709][  0]LogFileCache: Scanning file cache for directory 'D:/Users/daniel.joo8189/Documents/GitHub/Prototype2/Saved/Collections/' took 0.01s
[2019.08.06-23.26.49:709][  0]LogFileCache: Scanning file cache for directory 'D:/Users/daniel.joo8189/Documents/GitHub/Prototype2/Content/Developers/danieljoo8189/Collections/' took 0.00s
[2019.08.06-23.26.49:709][  0]LogFileCache: Scanning file cache for directory 'D:/Users/daniel.joo8189/Documents/GitHub/Prototype2/Content/Collections/' took 0.00s
[2019.08.06-23.26.49:709][  0]LogCollectionManager: Rebuilt the GUID cache for 0 collections in 0.000001 seconds
[2019.08.06-23.26.49:716][  0]LogContentBrowser: Native class hierarchy populated in 0.0072 seconds. Added 2732 classes and 659 folders.
[2019.08.06-23.26.49:722][  0]LogContentBrowser: Native class hierarchy updated for 'WidgetCarousel' in 0.0002 seconds. Added 0 classes and 0 folders.
[2019.08.06-23.26.49:723][  0]LogPakFile: Registered encryption key '00000000000000000000000000000000': 0 pak files mounted, 0 remain pending
[2019.08.06-23.26.49:724][  0]LogPakFile: Registered encryption key '00000000000000000000000000000000': 0 pak files mounted, 0 remain pending
[2019.08.06-23.26.49:724][  0]LogPakFile: Registered encryption key '00000000000000000000000000000000': 0 pak files mounted, 0 remain pending
[2019.08.06-23.26.49:725][  0]LogPakFile: Registered encryption key '00000000000000000000000000000000': 0 pak files mounted, 0 remain pending
[2019.08.06-23.26.49:725][  0]LogPakFile: Registered encryption key '00000000000000000000000000000000': 0 pak files mounted, 0 remain pending
[2019.08.06-23.26.49:725][  0]LogPakFile: Registered encryption key '00000000000000000000000000000000': 0 pak files mounted, 0 remain pending
[2019.08.06-23.26.49:726][  0]LogPakFile: Registered encryption key '00000000000000000000000000000000': 0 pak files mounted, 0 remain pending
[2019.08.06-23.26.49:726][  0]LogPakFile: Registered encryption key '00000000000000000000000000000000': 0 pak files mounted, 0 remain pending
[2019.08.06-23.26.49:726][  0]LogPakFile: Registered encryption key '00000000000000000000000000000000': 0 pak files mounted, 0 remain pending
[2019.08.06-23.26.49:727][  0]LogPakFile: Registered encryption key '00000000000000000000000000000000': 0 pak files mounted, 0 remain pending
[2019.08.06-23.26.49:727][  0]LogPakFile: Registered encryption key '00000000000000000000000000000000': 0 pak files mounted, 0 remain pending
[2019.08.06-23.26.49:727][  0]LogPakFile: Registered encryption key '00000000000000000000000000000000': 0 pak files mounted, 0 remain pending
[2019.08.06-23.26.49:728][  0]LogPakFile: Registered encryption key '00000000000000000000000000000000': 0 pak files mounted, 0 remain pending
[2019.08.06-23.26.49:728][  0]LogPakFile: Registered encryption key '00000000000000000000000000000000': 0 pak files mounted, 0 remain pending
[2019.08.06-23.26.49:728][  0]LogPakFile: Registered encryption key '00000000000000000000000000000000': 0 pak files mounted, 0 remain pending
[2019.08.06-23.26.49:729][  0]LogPakFile: Registered encryption key '00000000000000000000000000000000': 0 pak files mounted, 0 remain pending
[2019.08.06-23.26.49:729][  0]LogPakFile: Registered encryption key '00000000000000000000000000000000': 0 pak files mounted, 0 remain pending
[2019.08.06-23.26.49:729][  0]LogPakFile: Registered encryption key '00000000000000000000000000000000': 0 pak files mounted, 0 remain pending
[2019.08.06-23.26.49:730][  0]LogPakFile: Registered encryption key '00000000000000000000000000000000': 0 pak files mounted, 0 remain pending
[2019.08.06-23.26.49:730][  0]LogPakFile: Registered encryption key '00000000000000000000000000000000': 0 pak files mounted, 0 remain pending
[2019.08.06-23.26.49:730][  0]LogPakFile: Registered encryption key '00000000000000000000000000000000': 0 pak files mounted, 0 remain pending
[2019.08.06-23.26.49:731][  0]LogPakFile: Registered encryption key '00000000000000000000000000000000': 0 pak files mounted, 0 remain pending
[2019.08.06-23.26.49:731][  0]LogPakFile: Registered encryption key '00000000000000000000000000000000': 0 pak files mounted, 0 remain pending
[2019.08.06-23.26.49:731][  0]LogPakFile: Registered encryption key '00000000000000000000000000000000': 0 pak files mounted, 0 remain pending
[2019.08.06-23.26.49:732][  0]LogPakFile: Registered encryption key '00000000000000000000000000000000': 0 pak files mounted, 0 remain pending
[2019.08.06-23.26.49:732][  0]LogPakFile: Registered encryption key '00000000000000000000000000000000': 0 pak files mounted, 0 remain pending
[2019.08.06-23.26.49:755][  0]LogContentBrowser: Native class hierarchy updated for 'AddContentDialog' in 0.0002 seconds. Added 0 classes and 0 folders.
[2019.08.06-23.26.49:761][  0]LogContentBrowser: Native class hierarchy updated for 'SceneOutliner' in 0.0002 seconds. Added 1 classes and 2 folders.
[2019.08.06-23.26.49:772][  0]LogSlate: Took 0.000129 seconds to synchronously load lazily loaded font '../../../Engine/Content/Slate/Fonts/Roboto-Bold.ttf' (160K)
[2019.08.06-23.26.49:776][  0]LogSlate: Took 0.000139 seconds to synchronously load lazily loaded font '../../../Engine/Content/Editor/Slate/Fonts/FontAwesome.ttf' (139K)
[2019.08.06-23.26.49:806][  0]LogRenderer: Reallocating scene render targets to support 1208x580 Format 10 NumSamples 1 (Frame:1).
[2019.08.06-23.26.49:924][  0]LogSlate: FSceneViewport::OnFocusLost() reason 2
[2019.08.06-23.26.49:935][  0]LogSlate: Window 'Tutorials' being destroyed
[2019.08.06-23.26.49:965][  0]LogContentBrowser: Native class hierarchy updated for 'HierarchicalLODOutliner' in 0.0002 seconds. Added 0 classes and 0 folders.
[2019.08.06-23.26.49:965][  0]LogLoad: (Engine Initialization) Total time: 23.26 seconds
[2019.08.06-23.26.49:965][  0]LogLoad: (Engine Initialization) Total Blueprint compile time: 0.00 seconds
[2019.08.06-23.26.49:999][  0]LogAssetRegistry: Asset discovery search completed in 20.0693 seconds
[2019.08.06-23.26.50:001][  0]LogCollectionManager: Rebuilt the object cache for 0 collections in 0.000001 seconds (found 0 objects)
[2019.08.06-23.26.50:001][  0]LogCollectionManager: Fixed up redirectors for 0 collections in 0.000036 seconds (updated 0 objects)
[2019.08.06-23.26.50:002][  0]LogContentStreaming: Texture pool size now 1000 MB
[2019.08.06-23.26.50:043][  0]LogSlate: Took 0.000117 seconds to synchronously load lazily loaded font '../../../Engine/Content/Slate/Fonts/Roboto-Light.ttf' (167K)
[2019.08.06-23.26.50:991][103]LogSlate: Took 0.000169 seconds to synchronously load lazily loaded font '../../../Engine/Content/Slate/Fonts/Roboto-Light.ttf' (167K)
[2019.08.06-23.26.51:665][181]LogSlate: FSceneViewport::OnFocusLost() reason 0
[2019.08.06-23.26.53:281][372]LogAssetEditorManager: Opening Asset editor for World /Game/FirstPersonBP/Maps/FirstPersonExampleMap.FirstPersonExampleMap
[2019.08.06-23.26.53:301][372]LogUObjectHash: Compacting FUObjectHashTables data took   0.86ms
[2019.08.06-23.26.53:302][372]Cmd: MAP LOAD FILE="../../../../Users/daniel.joo8189/Documents/GitHub/Prototype2/Content/FirstPersonBP/Maps/FirstPersonExampleMap.umap" TEMPLATE=0 SHOWPROGRESS=1 FEATURELEVEL=3
[2019.08.06-23.26.53:302][372]LightingResults: New page: Lighting Build
[2019.08.06-23.26.53:302][372]LoadErrors: New page: Loading map: FirstPersonExampleMap.umap
[2019.08.06-23.26.53:303][372]MapCheck: New page: Map Check
[2019.08.06-23.26.53:303][372]LightingResults: New page: Lighting Build
[2019.08.06-23.26.53:324][372]LogUObjectHash: Compacting FUObjectHashTables data took   1.44ms
[2019.08.06-23.26.53:349][372]LogAIModule: Creating AISystem for world FirstPersonExampleMap
[2019.08.06-23.26.53:362][372]LogEditorServer: Finished looking for orphan Actors (0.000 secs)
[2019.08.06-23.26.53:385][372]LogUObjectHash: Compacting FUObjectHashTables data took   1.30ms
[2019.08.06-23.26.53:412][372]Cmd: MAP CHECKDEP NOCLEARLOG
[2019.08.06-23.26.53:412][372]MapCheck: Map check complete: 0 Error(s), 0 Warning(s), took 0.104ms to complete.
[2019.08.06-23.26.53:413][372]LogFileHelpers: Loading map 'FirstPersonExampleMap' took 0.112
[2019.08.06-23.26.58:973][ 32]LogAssetEditorManager: Opening Asset editor for World /Game/FirstPersonBP/Maps/FirstPersonExampleMap.FirstPersonExampleMap
[2019.08.06-23.26.58:994][ 32]LogUObjectHash: Compacting FUObjectHashTables data took   0.52ms
[2019.08.06-23.26.58:995][ 32]Cmd: MAP LOAD FILE="../../../../Users/daniel.joo8189/Documents/GitHub/Prototype2/Content/FirstPersonBP/Maps/FirstPersonExampleMap.umap" TEMPLATE=0 SHOWPROGRESS=1 FEATURELEVEL=3
[2019.08.06-23.26.58:995][ 32]LightingResults: New page: Lighting Build
[2019.08.06-23.26.58:995][ 32]LoadErrors: New page: Loading map: FirstPersonExampleMap.umap
[2019.08.06-23.26.58:996][ 32]MapCheck: New page: Map Check
[2019.08.06-23.26.58:996][ 32]LightingResults: New page: Lighting Build
[2019.08.06-23.26.59:018][ 32]LogUObjectHash: Compacting FUObjectHashTables data took   0.98ms
[2019.08.06-23.26.59:041][ 32]LogAIModule: Creating AISystem for world FirstPersonExampleMap
[2019.08.06-23.26.59:053][ 32]LogEditorServer: Finished looking for orphan Actors (0.000 secs)
[2019.08.06-23.26.59:076][ 32]LogUObjectHash: Compacting FUObjectHashTables data took   1.36ms
[2019.08.06-23.26.59:104][ 32]Cmd: MAP CHECKDEP NOCLEARLOG
[2019.08.06-23.26.59:105][ 32]MapCheck: Map check complete: 0 Error(s), 0 Warning(s), took 0.103ms to complete.
[2019.08.06-23.26.59:105][ 32]LogFileHelpers: Loading map 'FirstPersonExampleMap' took 0.111
[2019.08.06-23.27.07:333][945]LogTexture: Display: Building textures: HQ_Lightmap0_2 (AutoDXT, 64X64)
[2019.08.06-23.27.07:333][945]LogTexture: Display: Building textures: LQ_Lightmap_0_2 (DXT1, 64X64)
[2019.08.06-23.27.07:333][945]LogTexture: Display: Building textures: HQ_Lightmap0_1 (AutoDXT, 1024X1024)
[2019.08.06-23.27.07:333][945]LogTexture: Display: Building textures: LQ_Lightmap_0_1 (DXT1, 1024X1024)
[2019.08.06-23.27.07:333][945]LogTexture: Display: Building textures: Chef_DIF (AutoDXT, 2048X2048)
[2019.08.06-23.27.07:333][945]LogTexture: Display: Building textures: Chef_DIF_0 (AutoDXT, 2048X2048)
[2019.08.06-23.27.07:334][945]LogStaticMesh: Building static mesh Chef...
[2019.08.06-23.27.07:350][945]LogTexture: Display: Building textures: PizzaEnemy_DIF (AutoDXT, 2048X2048)
[2019.08.06-23.27.07:350][945]LogStaticMesh: Built static mesh [0.02s] /Game/Chef.Chef
[2019.08.06-23.27.07:492][945]LogMaterial: Display: Missing cached shader map for material pCube61SG1, compiling. 
[2019.08.06-23.27.07:554][945]LogSkeletalMesh: Building Skeletal Mesh PizzaEnemyIdleAnim...
[2019.08.06-23.27.07:555][945]LogSkeletalMesh: Built Skeletal Mesh [0.00s] /Game/Enemies/EnemyAnimations/Pizza/PizzaEnemyIdleAnim.PizzaEnemyIdleAnim
[2019.08.06-23.27.07:557][945]LogShaderCompilers: Display: Shaders left to compile 60
[2019.08.06-23.27.07:557][945]LogShaderCompilers: Display: Shaders left to compile 50
[2019.08.06-23.27.07:557][945]LogShaderCompilers: Display: Shaders left to compile 40
[2019.08.06-23.27.07:557][945]LogShaderCompilers: Display: Shaders left to compile 30
[2019.08.06-23.27.07:557][945]LogMaterial: Display: Missing cached shader map for material ChefMat, compiling. 
[2019.08.06-23.27.07:584][945]LogAIModule: Creating AISystem for world Mall_Map
[2019.08.06-23.27.07:602][945]LogAssetEditorManager: Opening Asset editor for World /Game/Maps/Mall_Map.Mall_Map
[2019.08.06-23.27.07:630][945]LogUObjectHash: Compacting FUObjectHashTables data took   2.84ms
[2019.08.06-23.27.07:631][945]Cmd: MAP LOAD FILE="../../../../Users/daniel.joo8189/Documents/GitHub/Prototype2/Content/Maps/Mall_Map.umap" TEMPLATE=0 SHOWPROGRESS=1 FEATURELEVEL=3
[2019.08.06-23.27.07:631][945]LightingResults: New page: Lighting Build
[2019.08.06-23.27.07:632][945]LoadErrors: New page: Loading map: Mall_Map.umap
[2019.08.06-23.27.07:633][945]MapCheck: New page: Map Check
[2019.08.06-23.27.07:633][945]LightingResults: New page: Lighting Build
[2019.08.06-23.27.07:659][945]LogUObjectHash: Compacting FUObjectHashTables data took   1.61ms
[2019.08.06-23.27.07:671][945]LogEditorServer: Finished looking for orphan Actors (0.000 secs)
[2019.08.06-23.27.07:696][945]LogUObjectHash: Compacting FUObjectHashTables data took   1.28ms
[2019.08.06-23.27.07:723][945]Cmd: MAP CHECKDEP NOCLEARLOG
[2019.08.06-23.27.07:724][945]MapCheck: Map check complete: 0 Error(s), 0 Warning(s), took 0.156ms to complete.
[2019.08.06-23.27.07:724][945]LogFileHelpers: Loading map 'Mall_Map' took 0.093
[2019.08.06-23.27.15:405][847]LogEditorViewport: Clicking on Actor (LMB): EnemyCharacter_C (EnemyCharacter5)
[2019.08.06-23.27.18:737][219]LogSlate: Took 0.000107 seconds to synchronously load lazily loaded font '../../../Engine/Content/Slate/Fonts/Roboto-Italic.ttf' (157K)
[2019.08.06-23.27.19:172][270]LogSlate: FSceneViewport::OnFocusLost() reason 0
[2019.08.06-23.27.34:438][807]LogUObjectHash: Compacting FUObjectHashTables data took   0.96ms
[2019.08.06-23.27.38:050][141]LogAssetEditorManager: Opening Asset editor for Blueprint /Game/FirstPersonBP/Blueprints/FirstPersonCharacter.FirstPersonCharacter
[2019.08.06-23.27.38:243][141]LogContentBrowser: Native class hierarchy updated for 'BlueprintGraph' in 0.0004 seconds. Added 121 classes and 0 folders.
[2019.08.06-23.27.38:940][141]LogSlate: Took 0.000156 seconds to synchronously load lazily loaded font '../../../Engine/Content/Slate/Fonts/Roboto-BoldCondensed.ttf' (158K)
[2019.08.06-23.27.40:469][218]LogAssetEditorManager: Opening Asset editor for Blueprint /Game/FirstPersonBP/Blueprints/ProjectilePotato.ProjectilePotato
[2019.08.06-23.27.43:985][409]LogAssetEditorManager: Opening Asset editor for Blueprint /Game/FirstPersonBP/Blueprints/ProjectilePineapple.ProjectilePineapple
[2019.08.06-23.28.01:784][392]LogEditorViewport: Clicking on Actor (LMB): EnemyCharacter_C (EnemyCharacter5)
[2019.08.06-23.28.03:261][488]LogSlate: FSceneViewport::OnFocusLost() reason 0
[2019.08.06-23.28.17:848][433]LogTemp: Repeating last play command: Selected Viewport
[2019.08.06-23.28.17:871][433]LogBlueprintUserMessages: Early PlayInEditor Detection: Level '/Game/Maps/Mall_Map.Mall_Map:PersistentLevel' has LevelScriptBlueprint '/Game/Maps/Mall_Map.Mall_Map:PersistentLevel.Mall_Map' with GeneratedClass '/Game/Maps/Mall_Map.Mall_Map_C' with ClassGeneratedBy '/Game/Maps/Mall_Map.Mall_Map:PersistentLevel.Mall_Map'
[2019.08.06-23.28.17:872][433]BlueprintLog: New page: Pre-Play auto-recompile
[2019.08.06-23.28.17:887][433]LogPlayLevel: [PlayLevel] Compiling ProjectilePineapple before play...
[2019.08.06-23.28.18:063][433]LogUObjectHash: Compacting FUObjectHashTables data took   3.12ms
[2019.08.06-23.28.18:063][433]LogPlayLevel: PlayLevel: Blueprint regeneration took 191 ms (1 blueprints)
[2019.08.06-23.28.18:063][433]PIE: New page: PIE session: Mall_Map (7/08/2019 11:28:18 pm)
[2019.08.06-23.28.18:075][433]LogPlayLevel: Creating play world package: /Game/Maps/UEDPIE_0_Mall_Map
[2019.08.06-23.28.18:083][433]LogPlayLevel: PIE: StaticDuplicateObject took: (0.007745s)
[2019.08.06-23.28.18:084][433]LogAIModule: Creating AISystem for world Mall_Map
[2019.08.06-23.28.18:084][433]LogPlayLevel: PIE: World Init took: (0.000416s)
[2019.08.06-23.28.18:084][433]LogPlayLevel: PIE: Created PIE world by copying editor world from /Game/Maps/Mall_Map.Mall_Map to /Game/Maps/UEDPIE_0_Mall_Map.Mall_Map (0.008696s)
[2019.08.06-23.28.18:116][433]LogUObjectHash: Compacting FUObjectHashTables data took   1.46ms
[2019.08.06-23.28.18:123][433]LogInit: XAudio2 using 'Digital Audio (S/PDIF) (High Definition Audio Device)' : 2 channels at 48 kHz using 16 bits per sample (channel mask 0x3)
[2019.08.06-23.28.18:131][433]LogInit: FAudioDevice initialized.
[2019.08.06-23.28.18:172][433]LogLoad: Game class is 'FirstPersonGameMode_C'
[2019.08.06-23.28.18:177][433]LogWorld: Bringing World /Game/Maps/UEDPIE_0_Mall_Map.Mall_Map up for play (max tick rate 0) at 2019.08.07-11.28.18
[2019.08.06-23.28.18:178][433]LogWorld: Bringing up level for play took: 0.005050
[2019.08.06-23.28.18:194][433]LogBlueprintActionDatabase: Requesting refresh due to module change: Voice (loaded)
[2019.08.06-23.28.18:196][433]LogBlueprintActionDatabase: Requesting refresh due to module change: MovieSceneCapture (loaded)
[2019.08.06-23.28.18:196][433]LogContentBrowser: Native class hierarchy updated for 'MovieSceneCapture' in 0.0002 seconds. Added 20 classes and 0 folders.
[2019.08.06-23.28.18:199][433]PIE: Play in editor start time for /Game/Maps/UEDPIE_0_Mall_Map 1.055
[2019.08.06-23.28.18:199][433]LogBlueprintUserMessages: Late PlayInEditor Detection: Level '/Game/Maps/Mall_Map.Mall_Map:PersistentLevel' has LevelScriptBlueprint '/Game/Maps/Mall_Map.Mall_Map:PersistentLevel.Mall_Map' with GeneratedClass '/Game/Maps/Mall_Map.Mall_Map_C' with ClassGeneratedBy '/Game/Maps/Mall_Map.Mall_Map:PersistentLevel.Mall_Map'
[2019.08.06-23.28.26:610][167]LogAnimation: Warning: AnimBP CarrotAnimBP_C is incompatible with skeleton PotatoGunIdle__1__Skeleton, removing AnimBP from actor.
[2019.08.06-23.28.26:863][189]LogAnimation: Warning: AnimBP PotatoGunAnimBP_C is incompatible with skeleton CarrotGunIdle_Skeleton, removing AnimBP from actor.
[2019.08.06-23.28.27:071][209]LogAnimation: Warning: AnimBP CarrotAnimBP_C is incompatible with skeleton PotatoGunIdle__1__Skeleton, removing AnimBP from actor.
[2019.08.06-23.28.30:965][576]LogAnimation: Warning: AnimBP PotatoGunAnimBP_C is incompatible with skeleton CarrotGunIdle_Skeleton, removing AnimBP from actor.
[2019.08.06-23.28.31:214][600]LogAnimation: Warning: AnimBP CarrotAnimBP_C is incompatible with skeleton PotatoGunIdle__1__Skeleton, removing AnimBP from actor.
[2019.08.06-23.28.32:071][682]LogBlueprintUserMessages: [PotandPanContainer_5] No
[2019.08.06-23.28.34:274][891]LogAnimation: Warning: AnimBP PotatoGunAnimBP_C is incompatible with skeleton CarrotGunIdle_Skeleton, removing AnimBP from actor.
[2019.08.06-23.28.34:518][915]LogAnimation: Warning: AnimBP CarrotAnimBP_C is incompatible with skeleton PotatoGunIdle__1__Skeleton, removing AnimBP from actor.
[2019.08.06-23.28.35:006][962]LogAnimation: Warning: AnimBP PotatoGunAnimBP_C is incompatible with skeleton CarrotGunIdle_Skeleton, removing AnimBP from actor.
[2019.08.06-23.28.43:990][817]LogBlueprintUserMessages: Early EndPlayMap Detection: Level '/Game/Maps/Mall_Map.Mall_Map:PersistentLevel' has LevelScriptBlueprint '/Game/Maps/Mall_Map.Mall_Map:PersistentLevel.Mall_Map' with GeneratedClass '/Game/Maps/Mall_Map.Mall_Map_C' with ClassGeneratedBy '/Game/Maps/Mall_Map.Mall_Map:PersistentLevel.Mall_Map'
[2019.08.06-23.28.43:990][817]LogSlate: Updating window title bar state: overlay mode, drag disabled, window buttons hidden, title bar hidden
[2019.08.06-23.28.44:019][817]LogPlayLevel: Display: Shutting down PIE online subsystems
[2019.08.06-23.28.44:020][817]LogBlueprintUserMessages: Late EndPlayMap Detection: Level '/Game/Maps/Mall_Map.Mall_Map:PersistentLevel' has LevelScriptBlueprint '/Game/Maps/Mall_Map.Mall_Map:PersistentLevel.Mall_Map' with GeneratedClass '/Game/Maps/Mall_Map.Mall_Map_C' with ClassGeneratedBy '/Game/Maps/Mall_Map.Mall_Map:PersistentLevel.Mall_Map'
[2019.08.06-23.28.44:061][817]LogSlate: Updating window title bar state: overlay mode, drag disabled, window buttons hidden, title bar hidden
[2019.08.06-23.28.44:080][817]LogUObjectHash: Compacting FUObjectHashTables data took   4.31ms
[2019.08.06-23.28.44:104][818]LogPlayLevel: Display: Destroying online subsystem :Context_14
[2019.08.06-23.29.05:309][927]LogSlate: FSceneViewport::OnFocusLost() reason 0
[2019.08.06-23.29.07:388][113]Cmd: DELETE
[2019.08.06-23.29.07:388][113]Cmd: ACTOR DELETE
[2019.08.06-23.29.07:509][113]LogEditorActor: Deleted Actor: NavMeshBoundsVolume
[2019.08.06-23.29.07:542][113]LogUObjectHash: Compacting FUObjectHashTables data took   1.92ms
[2019.08.06-23.29.07:543][113]LogEditorActor: Deleted 1 Actors (0.070 secs)
[2019.08.06-23.29.26:712][803]LogSlate: FSceneViewport::OnFocusLost() reason 0
[2019.08.06-23.29.26:794][810]LogTemp: Repeating last play command: Selected Viewport
[2019.08.06-23.29.26:819][810]LogBlueprintUserMessages: Early PlayInEditor Detection: Level '/Game/Maps/Mall_Map.Mall_Map:PersistentLevel' has LevelScriptBlueprint '/Game/Maps/Mall_Map.Mall_Map:PersistentLevel.Mall_Map' with GeneratedClass '/Game/Maps/Mall_Map.Mall_Map_C' with ClassGeneratedBy '/Game/Maps/Mall_Map.Mall_Map:PersistentLevel.Mall_Map'
[2019.08.06-23.29.26:819][810]LogPlayLevel: PlayLevel: No blueprints needed recompiling
[2019.08.06-23.29.26:819][810]PIE: New page: PIE session: Mall_Map (7/08/2019 11:29:26 pm)
[2019.08.06-23.29.26:819][810]LogPlayLevel: Creating play world package: /Game/Maps/UEDPIE_0_Mall_Map
[2019.08.06-23.29.26:828][810]LogPlayLevel: PIE: StaticDuplicateObject took: (0.008545s)
[2019.08.06-23.29.26:828][810]LogAIModule: Creating AISystem for world Mall_Map
[2019.08.06-23.29.26:828][810]LogPlayLevel: PIE: World Init took: (0.000474s)
[2019.08.06-23.29.26:828][810]LogPlayLevel: PIE: Created PIE world by copying editor world from /Game/Maps/Mall_Map.Mall_Map to /Game/Maps/UEDPIE_0_Mall_Map.Mall_Map (0.009255s)
[2019.08.06-23.29.26:863][810]LogUObjectHash: Compacting FUObjectHashTables data took   1.83ms
[2019.08.06-23.29.26:869][810]LogInit: XAudio2 using 'Digital Audio (S/PDIF) (High Definition Audio Device)' : 2 channels at 48 kHz using 16 bits per sample (channel mask 0x3)
[2019.08.06-23.29.26:877][810]LogInit: FAudioDevice initialized.
[2019.08.06-23.29.26:903][810]LogLoad: Game class is 'FirstPersonGameMode_C'
[2019.08.06-23.29.26:908][810]LogWorld: Bringing World /Game/Maps/UEDPIE_0_Mall_Map.Mall_Map up for play (max tick rate 0) at 2019.08.07-11.29.26
[2019.08.06-23.29.26:909][810]LogWorld: Bringing up level for play took: 0.005282
[2019.08.06-23.29.26:923][810]PIE: Play in editor start time for /Game/Maps/UEDPIE_0_Mall_Map -0.218
[2019.08.06-23.29.26:924][810]LogBlueprintUserMessages: Late PlayInEditor Detection: Level '/Game/Maps/Mall_Map.Mall_Map:PersistentLevel' has LevelScriptBlueprint '/Game/Maps/Mall_Map.Mall_Map:PersistentLevel.Mall_Map' with GeneratedClass '/Game/Maps/Mall_Map.Mall_Map_C' with ClassGeneratedBy '/Game/Maps/Mall_Map.Mall_Map:PersistentLevel.Mall_Map'
[2019.08.06-23.29.39:782][985]LogBlueprintUserMessages: [PotandPanContainer_5] No
[2019.08.06-23.29.41:214][115]LogAnimation: Warning: AnimBP CarrotAnimBP_C is incompatible with skeleton PotatoGunIdle__1__Skeleton, removing AnimBP from actor.
[2019.08.06-23.29.41:366][129]LogAnimation: Warning: AnimBP PotatoGunAnimBP_C is incompatible with skeleton CarrotGunIdle_Skeleton, removing AnimBP from actor.
[2019.08.06-23.29.41:631][153]LogAnimation: Warning: AnimBP CarrotAnimBP_C is incompatible with skeleton PotatoGunIdle__1__Skeleton, removing AnimBP from actor.
[2019.08.06-23.29.42:316][216]LogAnimation: Warning: AnimBP PotatoGunAnimBP_C is incompatible with skeleton CarrotGunIdle_Skeleton, removing AnimBP from actor.
[2019.08.06-23.29.49:429][872]LogBlueprintUserMessages: Early EndPlayMap Detection: Level '/Game/Maps/Mall_Map.Mall_Map:PersistentLevel' has LevelScriptBlueprint '/Game/Maps/Mall_Map.Mall_Map:PersistentLevel.Mall_Map' with GeneratedClass '/Game/Maps/Mall_Map.Mall_Map_C' with ClassGeneratedBy '/Game/Maps/Mall_Map.Mall_Map:PersistentLevel.Mall_Map'
[2019.08.06-23.29.49:429][872]LogSlate: Updating window title bar state: overlay mode, drag disabled, window buttons hidden, title bar hidden
[2019.08.06-23.29.49:462][872]LogPlayLevel: Display: Shutting down PIE online subsystems
[2019.08.06-23.29.49:462][872]LogBlueprintUserMessages: Late EndPlayMap Detection: Level '/Game/Maps/Mall_Map.Mall_Map:PersistentLevel' has LevelScriptBlueprint '/Game/Maps/Mall_Map.Mall_Map:PersistentLevel.Mall_Map' with GeneratedClass '/Game/Maps/Mall_Map.Mall_Map_C' with ClassGeneratedBy '/Game/Maps/Mall_Map.Mall_Map:PersistentLevel.Mall_Map'
[2019.08.06-23.29.49:501][872]LogSlate: Updating window title bar state: overlay mode, drag disabled, window buttons hidden, title bar hidden
[2019.08.06-23.29.49:505][872]LogUObjectHash: Compacting FUObjectHashTables data took   1.70ms
[2019.08.06-23.29.49:530][873]LogPlayLevel: Display: Destroying online subsystem :Context_15
[2019.08.06-23.29.54:212][293]LogSlate: FSceneViewport::OnFocusLost() reason 0
[2019.08.06-23.30.14:874][925]LogAssetEditorManager: Opening Asset editor for Blueprint /Game/Inventory/Containers/PotandPanContainer.PotandPanContainer
[2019.08.06-23.31.06:916][194]BlueprintLog: New page: Compile PotandPanContainer
[2019.08.06-23.31.07:109][194]LogUObjectHash: Compacting FUObjectHashTables data took   2.72ms
[2019.08.06-23.31.08:289][320]LogSavePackage: Moving '../../../../Users/daniel.joo8189/Documents/GitHub/Prototype2/Saved/PotandPanContainer01F30EB3403CE92D300E6994FF60003D.tmp' to '../../../../Users/daniel.joo8189/Documents/GitHub/Prototype2/Content/Inventory/Containers/PotandPanContainer.uasset'
[2019.08.06-23.31.11:098][574]LogTemp: Repeating last play command: Selected Viewport
[2019.08.06-23.31.11:128][574]LogBlueprintUserMessages: Early PlayInEditor Detection: Level '/Game/Maps/Mall_Map.Mall_Map:PersistentLevel' has LevelScriptBlueprint '/Game/Maps/Mall_Map.Mall_Map:PersistentLevel.Mall_Map' with GeneratedClass '/Game/Maps/Mall_Map.Mall_Map_C' with ClassGeneratedBy '/Game/Maps/Mall_Map.Mall_Map:PersistentLevel.Mall_Map'
[2019.08.06-23.31.11:128][574]LogPlayLevel: PlayLevel: No blueprints needed recompiling
[2019.08.06-23.31.11:128][574]PIE: New page: PIE session: Mall_Map (7/08/2019 11:31:11 pm)
[2019.08.06-23.31.11:128][574]LogPlayLevel: Creating play world package: /Game/Maps/UEDPIE_0_Mall_Map
[2019.08.06-23.31.11:137][574]LogPlayLevel: PIE: StaticDuplicateObject took: (0.008457s)
[2019.08.06-23.31.11:137][574]LogAIModule: Creating AISystem for world Mall_Map
[2019.08.06-23.31.11:137][574]LogPlayLevel: PIE: World Init took: (0.000432s)
[2019.08.06-23.31.11:137][574]LogPlayLevel: PIE: Created PIE world by copying editor world from /Game/Maps/Mall_Map.Mall_Map to /Game/Maps/UEDPIE_0_Mall_Map.Mall_Map (0.009001s)
[2019.08.06-23.31.11:176][574]LogUObjectHash: Compacting FUObjectHashTables data took   3.00ms
[2019.08.06-23.31.11:182][574]LogInit: XAudio2 using 'Digital Audio (S/PDIF) (High Definition Audio Device)' : 2 channels at 48 kHz using 16 bits per sample (channel mask 0x3)
[2019.08.06-23.31.11:190][574]LogInit: FAudioDevice initialized.
[2019.08.06-23.31.11:218][574]LogLoad: Game class is 'FirstPersonGameMode_C'
[2019.08.06-23.31.11:222][574]LogWorld: Bringing World /Game/Maps/UEDPIE_0_Mall_Map.Mall_Map up for play (max tick rate 0) at 2019.08.07-11.31.11
[2019.08.06-23.31.11:223][574]LogWorld: Bringing up level for play took: 0.004828
[2019.08.06-23.31.11:238][574]PIE: Play in editor start time for /Game/Maps/UEDPIE_0_Mall_Map 0.099
[2019.08.06-23.31.11:238][574]LogBlueprintUserMessages: Late PlayInEditor Detection: Level '/Game/Maps/Mall_Map.Mall_Map:PersistentLevel' has LevelScriptBlueprint '/Game/Maps/Mall_Map.Mall_Map:PersistentLevel.Mall_Map' with GeneratedClass '/Game/Maps/Mall_Map.Mall_Map_C' with ClassGeneratedBy '/Game/Maps/Mall_Map.Mall_Map:PersistentLevel.Mall_Map'
[2019.08.06-23.31.25:342][744]LogBlueprintUserMessages: [PotandPanContainer_5] p gun unlocked
[2019.08.06-23.31.25:342][744]LogBlueprintUserMessages: [PotandPanContainer_5] No
[2019.08.06-23.31.25:999][799]LogAnimation: Warning: AnimBP CarrotAnimBP_C is incompatible with skeleton PineappleGunIdle_Skeleton, removing AnimBP from actor.
[2019.08.06-23.31.27:161][898]LogAnimation: Warning: AnimBP PineappleAnimBP_C is incompatible with skeleton CarrotGunIdle_Skeleton, removing AnimBP from actor.
[2019.08.06-23.31.27:266][907]LogAnimation: Warning: AnimBP CarrotAnimBP_C is incompatible with skeleton PotatoGunIdle__1__Skeleton, removing AnimBP from actor.
[2019.08.06-23.31.27:548][931]LogAnimation: Warning: AnimBP PotatoGunAnimBP_C is incompatible with skeleton PineappleGunIdle_Skeleton, removing AnimBP from actor.
[2019.08.06-23.31.40:770][ 44]LogAnimation: Warning: AnimBP PineappleAnimBP_C is incompatible with skeleton PotatoGunIdle__1__Skeleton, removing AnimBP from actor.
[2019.08.06-23.31.42:518][186]LogAnimation: Warning: AnimBP PotatoGunAnimBP_C is incompatible with skeleton CarrotGunIdle_Skeleton, removing AnimBP from actor.
[2019.08.06-23.31.45:251][412]LogAnimation: Warning: AnimBP CarrotAnimBP_C is incompatible with skeleton PineappleGunIdle_Skeleton, removing AnimBP from actor.
[2019.08.06-23.31.52:810][ 77]LogBlueprintUserMessages: Early EndPlayMap Detection: Level '/Game/Maps/Mall_Map.Mall_Map:PersistentLevel' has LevelScriptBlueprint '/Game/Maps/Mall_Map.Mall_Map:PersistentLevel.Mall_Map' with GeneratedClass '/Game/Maps/Mall_Map.Mall_Map_C' with ClassGeneratedBy '/Game/Maps/Mall_Map.Mall_Map:PersistentLevel.Mall_Map'
[2019.08.06-23.31.52:810][ 77]LogSlate: Updating window title bar state: overlay mode, drag disabled, window buttons hidden, title bar hidden
[2019.08.06-23.31.52:838][ 77]LogPlayLevel: Display: Shutting down PIE online subsystems
[2019.08.06-23.31.52:838][ 77]LogBlueprintUserMessages: Late EndPlayMap Detection: Level '/Game/Maps/Mall_Map.Mall_Map:PersistentLevel' has LevelScriptBlueprint '/Game/Maps/Mall_Map.Mall_Map:PersistentLevel.Mall_Map' with GeneratedClass '/Game/Maps/Mall_Map.Mall_Map_C' with ClassGeneratedBy '/Game/Maps/Mall_Map.Mall_Map:PersistentLevel.Mall_Map'
[2019.08.06-23.31.52:878][ 77]LogSlate: Updating window title bar state: overlay mode, drag disabled, window buttons hidden, title bar hidden
[2019.08.06-23.31.52:883][ 77]LogUObjectHash: Compacting FUObjectHashTables data took   2.46ms
[2019.08.06-23.31.52:909][ 78]LogPlayLevel: Display: Destroying online subsystem :Context_18
[2019.08.06-23.31.54:585][219]LogSlate: FSceneViewport::OnFocusLost() reason 0
[2019.08.06-23.38.37:691][428]LogUObjectHash: Compacting FUObjectHashTables data took   3.58ms
[2019.08.06-23.38.37:998][428]LogSavePackage: Moving '../../../../Users/daniel.joo8189/Documents/GitHub/Prototype2/Saved/Mall_Map_Auto15625206F49EA84232E30C3B83350168D.tmp' to '../../../../Users/daniel.joo8189/Documents/GitHub/Prototype2/Saved/Autosaves/Game/Maps/Mall_Map_Auto1.umap'
[2019.08.06-23.38.38:000][428]LogFileHelpers: Editor autosave (incl. sublevels) for '/Game/Maps/Mall_Map' took 0.350
[2019.08.06-23.38.38:000][428]LogFileHelpers: Editor autosave (incl. sublevels) for all levels took 0.350
[2019.08.06-23.38.38:002][428]OBJ SavePackage: Generating thumbnails for [1] asset(s) in package [/Game/FirstPersonBP/Blueprints/ProjectilePineapple] ([1] browsable assets)...
[2019.08.06-23.38.38:013][428]OBJ SavePackage:     Rendered thumbnail for [Blueprint /Game/FirstPersonBP/Blueprints/ProjectilePineapple.ProjectilePineapple]
[2019.08.06-23.38.38:013][428]OBJ SavePackage: Finished generating thumbnails for package [/Game/FirstPersonBP/Blueprints/ProjectilePineapple]
[2019.08.06-23.38.38:041][428]LogSavePackage: Moving '../../../../Users/daniel.joo8189/Documents/GitHub/Prototype2/Saved/ProjectilePineapple_Auto1523EBB1348C744A57FFA06877F24915F.tmp' to '../../../../Users/daniel.joo8189/Documents/GitHub/Prototype2/Saved/Autosaves/Game/FirstPersonBP/Blueprints/ProjectilePineapple_Auto1.uasset'
[2019.08.06-23.38.38:042][428]LogFileHelpers: Auto-saving content packages took 0.041
